2024-03-08 00:19:12,729 : INFO - ==========================================================================================================
2024-03-08 00:19:12,729 : INFO - Program: /IoT/bin/Registered_Hist.py
2024-03-08 00:19:12,729 : INFO - Proc Start: 2024/03/08 00:19:12.728159
2024-03-08 00:19:12,730 : INFO - ----- Python Version -------------------
2024-03-08 00:19:12,730 : INFO - 3.5.3 (default, Nov  4 2021, 15:29:10) 
[GCC 6.3.0 20170516]
2024-03-08 00:19:12,746 : INFO - ************ 実行履歴の書き込み START *******************
2024-03-08 00:19:12,747 : INFO - -----   データファイル参照   -----
2024-03-08 00:19:12,918 : INFO - -----   DB接続実行   -----
2024-03-08 00:19:14,412 : INFO - -----   INSERT処理実行   -----
2024-03-08 00:19:14,428 : INFO - -----   DB接続終了   -----
2024-03-08 00:19:14,430 : INFO - Proc End: 2024/03/08 00:19:14.430073
2024-03-08 00:19:14,430 : INFO - Elapsed Time[s]: 1.701914
2024-03-08 00:19:14,430 : INFO - ==========================================================================================================
2024-03-08 01:19:24,344 : INFO - ==========================================================================================================
2024-03-08 01:19:24,344 : INFO - Program: /IoT/bin/Registered_Hist.py
2024-03-08 01:19:24,345 : INFO - Proc Start: 2024/03/08 01:19:24.343582
2024-03-08 01:19:24,345 : INFO - ----- Python Version -------------------
2024-03-08 01:19:24,345 : INFO - 3.5.3 (default, Nov  4 2021, 15:29:10) 
[GCC 6.3.0 20170516]
2024-03-08 01:19:24,361 : INFO - ************ 実行履歴の書き込み START *******************
2024-03-08 01:19:24,362 : INFO - -----   データファイル参照   -----
2024-03-08 01:19:24,534 : INFO - -----   DB接続実行   -----
2024-03-08 01:19:26,684 : INFO - -----   INSERT処理実行   -----
2024-03-08 01:19:26,701 : INFO - -----   DB接続終了   -----
2024-03-08 01:19:26,703 : INFO - Proc End: 2024/03/08 01:19:26.703316
2024-03-08 01:19:26,703 : INFO - Elapsed Time[s]: 2.359734
2024-03-08 01:19:26,703 : INFO - ==========================================================================================================
2024-03-08 02:19:24,832 : INFO - ==========================================================================================================
2024-03-08 02:19:24,833 : INFO - Program: /IoT/bin/Registered_Hist.py
2024-03-08 02:19:24,833 : INFO - Proc Start: 2024/03/08 02:19:24.831639
2024-03-08 02:19:24,833 : INFO - ----- Python Version -------------------
2024-03-08 02:19:24,833 : INFO - 3.5.3 (default, Nov  4 2021, 15:29:10) 
[GCC 6.3.0 20170516]
2024-03-08 02:19:24,849 : INFO - ************ 実行履歴の書き込み START *******************
2024-03-08 02:19:24,850 : INFO - -----   データファイル参照   -----
2024-03-08 02:19:25,023 : INFO - -----   DB接続実行   -----
2024-03-08 02:19:26,604 : INFO - -----   INSERT処理実行   -----
2024-03-08 02:19:26,621 : INFO - -----   DB接続終了   -----
2024-03-08 02:19:26,623 : INFO - Proc End: 2024/03/08 02:19:26.622992
2024-03-08 02:19:26,623 : INFO - Elapsed Time[s]: 1.791353
2024-03-08 02:19:26,623 : INFO - ==========================================================================================================
2024-03-08 03:19:22,241 : INFO - ==========================================================================================================
2024-03-08 03:19:22,242 : INFO - Program: /IoT/bin/Registered_Hist.py
2024-03-08 03:19:22,242 : INFO - Proc Start: 2024/03/08 03:19:22.240754
2024-03-08 03:19:22,242 : INFO - ----- Python Version -------------------
2024-03-08 03:19:22,242 : INFO - 3.5.3 (default, Nov  4 2021, 15:29:10) 
[GCC 6.3.0 20170516]
2024-03-08 03:19:22,258 : INFO - ************ 実行履歴の書き込み START *******************
2024-03-08 03:19:22,259 : INFO - -----   データファイル参照   -----
2024-03-08 03:19:22,431 : INFO - -----   DB接続実行   -----
2024-03-08 03:19:24,966 : INFO - -----   INSERT処理実行   -----
2024-03-08 03:19:24,982 : INFO - -----   DB接続終了   -----
2024-03-08 03:19:24,984 : INFO - Proc End: 2024/03/08 03:19:24.984078
2024-03-08 03:19:24,984 : INFO - Elapsed Time[s]: 2.743324
2024-03-08 03:19:24,984 : INFO - ==========================================================================================================
2024-03-08 04:19:20,368 : INFO - ==========================================================================================================
2024-03-08 04:19:20,369 : INFO - Program: /IoT/bin/Registered_Hist.py
2024-03-08 04:19:20,369 : INFO - Proc Start: 2024/03/08 04:19:20.367807
2024-03-08 04:19:20,369 : INFO - ----- Python Version -------------------
2024-03-08 04:19:20,369 : INFO - 3.5.3 (default, Nov  4 2021, 15:29:10) 
[GCC 6.3.0 20170516]
2024-03-08 04:19:20,385 : INFO - ************ 実行履歴の書き込み START *******************
2024-03-08 04:19:20,386 : INFO - -----   データファイル参照   -----
2024-03-08 04:19:20,557 : INFO - -----   DB接続実行   -----
2024-03-08 04:19:23,249 : INFO - -----   INSERT処理実行   -----
2024-03-08 04:19:23,266 : INFO - -----   DB接続終了   -----
2024-03-08 04:19:23,269 : INFO - Proc End: 2024/03/08 04:19:23.269682
2024-03-08 04:19:23,270 : INFO - Elapsed Time[s]: 2.901875
2024-03-08 04:19:23,270 : INFO - ==========================================================================================================
2024-03-08 05:19:10,970 : INFO - ==========================================================================================================
2024-03-08 05:19:10,970 : INFO - Program: /IoT/bin/Registered_Hist.py
2024-03-08 05:19:10,970 : INFO - Proc Start: 2024/03/08 05:19:10.969122
2024-03-08 05:19:10,971 : INFO - ----- Python Version -------------------
2024-03-08 05:19:10,971 : INFO - 3.5.3 (default, Nov  4 2021, 15:29:10) 
[GCC 6.3.0 20170516]
2024-03-08 05:19:10,987 : INFO - ************ 実行履歴の書き込み START *******************
2024-03-08 05:19:10,987 : INFO - -----   データファイル参照   -----
2024-03-08 05:19:11,160 : INFO - -----   DB接続実行   -----
2024-03-08 05:19:14,379 : INFO - -----   INSERT処理実行   -----
2024-03-08 05:19:14,396 : INFO - -----   DB接続終了   -----
2024-03-08 05:19:14,398 : INFO - Proc End: 2024/03/08 05:19:14.398035
2024-03-08 05:19:14,398 : INFO - Elapsed Time[s]: 3.428913
2024-03-08 05:19:14,398 : INFO - ==========================================================================================================
2024-03-08 06:19:26,076 : INFO - ==========================================================================================================
2024-03-08 06:19:26,077 : INFO - Program: /IoT/bin/Registered_Hist.py
2024-03-08 06:19:26,077 : INFO - Proc Start: 2024/03/08 06:19:26.075977
2024-03-08 06:19:26,077 : INFO - ----- Python Version -------------------
2024-03-08 06:19:26,077 : INFO - 3.5.3 (default, Nov  4 2021, 15:29:10) 
[GCC 6.3.0 20170516]
2024-03-08 06:19:26,093 : INFO - ************ 実行履歴の書き込み START *******************
2024-03-08 06:19:26,094 : INFO - -----   データファイル参照   -----
2024-03-08 06:19:26,265 : INFO - -----   DB接続実行   -----
2024-03-08 06:19:28,097 : INFO - -----   INSERT処理実行   -----
2024-03-08 06:19:28,109 : INFO - -----   DB接続終了   -----
2024-03-08 06:19:28,111 : INFO - Proc End: 2024/03/08 06:19:28.110861
2024-03-08 06:19:28,111 : INFO - Elapsed Time[s]: 2.034884
2024-03-08 06:19:28,111 : INFO - ==========================================================================================================
2024-03-08 07:19:19,589 : INFO - ==========================================================================================================
2024-03-08 07:19:19,589 : INFO - Program: /IoT/bin/Registered_Hist.py
2024-03-08 07:19:19,589 : INFO - Proc Start: 2024/03/08 07:19:19.588198
2024-03-08 07:19:19,590 : INFO - ----- Python Version -------------------
2024-03-08 07:19:19,590 : INFO - 3.5.3 (default, Nov  4 2021, 15:29:10) 
[GCC 6.3.0 20170516]
2024-03-08 07:19:19,605 : INFO - ************ 実行履歴の書き込み START *******************
2024-03-08 07:19:19,606 : INFO - -----   データファイル参照   -----
2024-03-08 07:19:19,778 : INFO - -----   DB接続実行   -----
2024-03-08 07:19:21,737 : INFO - -----   INSERT処理実行   -----
2024-03-08 07:19:21,753 : INFO - -----   DB接続終了   -----
2024-03-08 07:19:21,755 : INFO - Proc End: 2024/03/08 07:19:21.755360
2024-03-08 07:19:21,755 : INFO - Elapsed Time[s]: 2.167162
2024-03-08 07:19:21,755 : INFO - ==========================================================================================================
2024-03-08 08:19:17,229 : INFO - ==========================================================================================================
2024-03-08 08:19:17,229 : INFO - Program: /IoT/bin/Registered_Hist.py
2024-03-08 08:19:17,229 : INFO - Proc Start: 2024/03/08 08:19:17.228020
2024-03-08 08:19:17,230 : INFO - ----- Python Version -------------------
2024-03-08 08:19:17,230 : INFO - 3.5.3 (default, Nov  4 2021, 15:29:10) 
[GCC 6.3.0 20170516]
2024-03-08 08:19:17,246 : INFO - ************ 実行履歴の書き込み START *******************
2024-03-08 08:19:17,247 : INFO - -----   データファイル参照   -----
2024-03-08 08:19:17,419 : INFO - -----   DB接続実行   -----
2024-03-08 08:19:18,888 : INFO - -----   INSERT処理実行   -----
2024-03-08 08:19:18,904 : INFO - -----   DB接続終了   -----
2024-03-08 08:19:18,906 : INFO - Proc End: 2024/03/08 08:19:18.906335
2024-03-08 08:19:18,906 : INFO - Elapsed Time[s]: 1.678315
2024-03-08 08:19:18,906 : INFO - ==========================================================================================================
2024-03-08 09:19:12,962 : INFO - ==========================================================================================================
2024-03-08 09:19:12,963 : INFO - Program: /IoT/bin/Registered_Hist.py
2024-03-08 09:19:12,963 : INFO - Proc Start: 2024/03/08 09:19:12.961991
2024-03-08 09:19:12,963 : INFO - ----- Python Version -------------------
2024-03-08 09:19:12,963 : INFO - 3.5.3 (default, Nov  4 2021, 15:29:10) 
[GCC 6.3.0 20170516]
2024-03-08 09:19:12,979 : INFO - ************ 実行履歴の書き込み START *******************
2024-03-08 09:19:12,980 : INFO - -----   データファイル参照   -----
2024-03-08 09:19:13,152 : INFO - -----   DB接続実行   -----
2024-03-08 09:19:14,803 : INFO - -----   INSERT処理実行   -----
2024-03-08 09:19:14,817 : INFO - -----   DB接続終了   -----
2024-03-08 09:19:14,819 : INFO - Proc End: 2024/03/08 09:19:14.819305
2024-03-08 09:19:14,819 : INFO - Elapsed Time[s]: 1.857314
2024-03-08 09:19:14,819 : INFO - ==========================================================================================================
2024-03-08 10:19:22,312 : INFO - ==========================================================================================================
2024-03-08 10:19:22,312 : INFO - Program: /IoT/bin/Registered_Hist.py
2024-03-08 10:19:22,312 : INFO - Proc Start: 2024/03/08 10:19:22.311269
2024-03-08 10:19:22,313 : INFO - ----- Python Version -------------------
2024-03-08 10:19:22,313 : INFO - 3.5.3 (default, Nov  4 2021, 15:29:10) 
[GCC 6.3.0 20170516]
2024-03-08 10:19:22,328 : INFO - ************ 実行履歴の書き込み START *******************
2024-03-08 10:19:22,329 : INFO - -----   データファイル参照   -----
2024-03-08 10:19:22,500 : INFO - -----   DB接続実行   -----
2024-03-08 10:19:25,488 : INFO - -----   INSERT処理実行   -----
2024-03-08 10:19:25,505 : INFO - -----   DB接続終了   -----
2024-03-08 10:19:25,506 : INFO - Proc End: 2024/03/08 10:19:25.506742
2024-03-08 10:19:25,507 : INFO - Elapsed Time[s]: 3.195473
2024-03-08 10:19:25,507 : INFO - ==========================================================================================================
2024-03-08 11:19:21,095 : INFO - ==========================================================================================================
2024-03-08 11:19:21,096 : INFO - Program: /IoT/bin/Registered_Hist.py
2024-03-08 11:19:21,096 : INFO - Proc Start: 2024/03/08 11:19:21.094810
2024-03-08 11:19:21,096 : INFO - ----- Python Version -------------------
2024-03-08 11:19:21,096 : INFO - 3.5.3 (default, Nov  4 2021, 15:29:10) 
[GCC 6.3.0 20170516]
2024-03-08 11:19:21,112 : INFO - ************ 実行履歴の書き込み START *******************
2024-03-08 11:19:21,112 : INFO - -----   データファイル参照   -----
2024-03-08 11:19:21,284 : INFO - -----   DB接続実行   -----
2024-03-08 11:19:23,697 : INFO - -----   INSERT処理実行   -----
2024-03-08 11:19:23,713 : INFO - -----   DB接続終了   -----
2024-03-08 11:19:23,714 : INFO - Proc End: 2024/03/08 11:19:23.714814
2024-03-08 11:19:23,715 : INFO - Elapsed Time[s]: 2.620004
2024-03-08 11:19:23,715 : INFO - ==========================================================================================================
2024-03-08 12:19:14,048 : INFO - ==========================================================================================================
2024-03-08 12:19:14,048 : INFO - Program: /IoT/bin/Registered_Hist.py
2024-03-08 12:19:14,049 : INFO - Proc Start: 2024/03/08 12:19:14.047527
2024-03-08 12:19:14,049 : INFO - ----- Python Version -------------------
2024-03-08 12:19:14,049 : INFO - 3.5.3 (default, Nov  4 2021, 15:29:10) 
[GCC 6.3.0 20170516]
2024-03-08 12:19:14,064 : INFO - ************ 実行履歴の書き込み START *******************
2024-03-08 12:19:14,065 : INFO - -----   データファイル参照   -----
2024-03-08 12:19:14,238 : INFO - -----   DB接続実行   -----
2024-03-08 12:19:16,813 : INFO - -----   INSERT処理実行   -----
2024-03-08 12:19:16,822 : INFO - -----   DB接続終了   -----
2024-03-08 12:19:16,823 : INFO - Proc End: 2024/03/08 12:19:16.823652
2024-03-08 12:19:16,824 : INFO - Elapsed Time[s]: 2.776125
2024-03-08 12:19:16,824 : INFO - ==========================================================================================================
2024-03-08 13:19:11,815 : INFO - ==========================================================================================================
2024-03-08 13:19:11,815 : INFO - Program: /IoT/bin/Registered_Hist.py
2024-03-08 13:19:11,816 : INFO - Proc Start: 2024/03/08 13:19:11.814536
2024-03-08 13:19:11,816 : INFO - ----- Python Version -------------------
2024-03-08 13:19:11,816 : INFO - 3.5.3 (default, Nov  4 2021, 15:29:10) 
[GCC 6.3.0 20170516]
2024-03-08 13:19:11,831 : INFO - ************ 実行履歴の書き込み START *******************
2024-03-08 13:19:11,832 : INFO - -----   データファイル参照   -----
2024-03-08 13:19:12,005 : INFO - -----   DB接続実行   -----
2024-03-08 13:19:13,995 : INFO - -----   INSERT処理実行   -----
2024-03-08 13:19:14,011 : INFO - -----   DB接続終了   -----
2024-03-08 13:19:14,013 : INFO - Proc End: 2024/03/08 13:19:14.013126
2024-03-08 13:19:14,013 : INFO - Elapsed Time[s]: 2.198590
2024-03-08 13:19:14,013 : INFO - ==========================================================================================================
2024-03-08 14:19:14,845 : INFO - ==========================================================================================================
2024-03-08 14:19:14,846 : INFO - Program: /IoT/bin/Registered_Hist.py
2024-03-08 14:19:14,846 : INFO - Proc Start: 2024/03/08 14:19:14.844754
2024-03-08 14:19:14,846 : INFO - ----- Python Version -------------------
2024-03-08 14:19:14,846 : INFO - 3.5.3 (default, Nov  4 2021, 15:29:10) 
[GCC 6.3.0 20170516]
2024-03-08 14:19:14,861 : INFO - ************ 実行履歴の書き込み START *******************
2024-03-08 14:19:14,862 : INFO - -----   データファイル参照   -----
2024-03-08 14:19:15,032 : INFO - -----   DB接続実行   -----
2024-03-08 14:19:16,872 : INFO - -----   INSERT処理実行   -----
2024-03-08 14:19:16,888 : INFO - -----   DB接続終了   -----
2024-03-08 14:19:16,890 : INFO - Proc End: 2024/03/08 14:19:16.890117
2024-03-08 14:19:16,890 : INFO - Elapsed Time[s]: 2.045363
2024-03-08 14:19:16,890 : INFO - ==========================================================================================================
2024-03-08 15:19:20,914 : INFO - ==========================================================================================================
2024-03-08 15:19:20,915 : INFO - Program: /IoT/bin/Registered_Hist.py
2024-03-08 15:19:20,915 : INFO - Proc Start: 2024/03/08 15:19:20.913953
2024-03-08 15:19:20,915 : INFO - ----- Python Version -------------------
2024-03-08 15:19:20,915 : INFO - 3.5.3 (default, Nov  4 2021, 15:29:10) 
[GCC 6.3.0 20170516]
2024-03-08 15:19:20,931 : INFO - ************ 実行履歴の書き込み START *******************
2024-03-08 15:19:20,931 : INFO - -----   データファイル参照   -----
2024-03-08 15:19:21,104 : INFO - -----   DB接続実行   -----
2024-03-08 15:19:23,197 : INFO - -----   INSERT処理実行   -----
2024-03-08 15:19:23,213 : INFO - -----   DB接続終了   -----
2024-03-08 15:19:23,215 : INFO - Proc End: 2024/03/08 15:19:23.215410
2024-03-08 15:19:23,215 : INFO - Elapsed Time[s]: 2.301457
2024-03-08 15:19:23,216 : INFO - ==========================================================================================================
2024-03-08 16:19:14,950 : INFO - ==========================================================================================================
2024-03-08 16:19:14,951 : INFO - Program: /IoT/bin/Registered_Hist.py
2024-03-08 16:19:14,951 : INFO - Proc Start: 2024/03/08 16:19:14.949742
2024-03-08 16:19:14,951 : INFO - ----- Python Version -------------------
2024-03-08 16:19:14,951 : INFO - 3.5.3 (default, Nov  4 2021, 15:29:10) 
[GCC 6.3.0 20170516]
2024-03-08 16:19:14,966 : INFO - ************ 実行履歴の書き込み START *******************
2024-03-08 16:19:14,967 : INFO - -----   データファイル参照   -----
2024-03-08 16:19:15,139 : INFO - -----   DB接続実行   -----
2024-03-08 16:19:16,798 : INFO - -----   INSERT処理実行   -----
2024-03-08 16:19:16,812 : INFO - -----   DB接続終了   -----
2024-03-08 16:19:16,814 : INFO - Proc End: 2024/03/08 16:19:16.813902
2024-03-08 16:19:16,814 : INFO - Elapsed Time[s]: 1.864160
2024-03-08 16:19:16,814 : INFO - ==========================================================================================================
2024-03-08 17:19:16,412 : INFO - ==========================================================================================================
2024-03-08 17:19:16,413 : INFO - Program: /IoT/bin/Registered_Hist.py
2024-03-08 17:19:16,413 : INFO - Proc Start: 2024/03/08 17:19:16.411987
2024-03-08 17:19:16,413 : INFO - ----- Python Version -------------------
2024-03-08 17:19:16,413 : INFO - 3.5.3 (default, Nov  4 2021, 15:29:10) 
[GCC 6.3.0 20170516]
2024-03-08 17:19:16,428 : INFO - ************ 実行履歴の書き込み START *******************
2024-03-08 17:19:16,429 : INFO - -----   データファイル参照   -----
2024-03-08 17:19:16,599 : INFO - -----   DB接続実行   -----
2024-03-08 17:19:18,336 : INFO - -----   INSERT処理実行   -----
2024-03-08 17:19:18,348 : INFO - -----   DB接続終了   -----
2024-03-08 17:19:18,350 : INFO - Proc End: 2024/03/08 17:19:18.350062
2024-03-08 17:19:18,350 : INFO - Elapsed Time[s]: 1.938075
2024-03-08 17:19:18,350 : INFO - ==========================================================================================================
2024-03-08 18:19:19,390 : INFO - ==========================================================================================================
2024-03-08 18:19:19,391 : INFO - Program: /IoT/bin/Registered_Hist.py
2024-03-08 18:19:19,391 : INFO - Proc Start: 2024/03/08 18:19:19.389974
2024-03-08 18:19:19,391 : INFO - ----- Python Version -------------------
2024-03-08 18:19:19,391 : INFO - 3.5.3 (default, Nov  4 2021, 15:29:10) 
[GCC 6.3.0 20170516]
2024-03-08 18:19:19,406 : INFO - ************ 実行履歴の書き込み START *******************
2024-03-08 18:19:19,407 : INFO - -----   データファイル参照   -----
2024-03-08 18:19:19,578 : INFO - -----   DB接続実行   -----
2024-03-08 18:19:21,253 : INFO - -----   INSERT処理実行   -----
2024-03-08 18:19:21,269 : INFO - -----   DB接続終了   -----
2024-03-08 18:19:21,270 : INFO - Proc End: 2024/03/08 18:19:21.270668
2024-03-08 18:19:21,271 : INFO - Elapsed Time[s]: 1.880694
2024-03-08 18:19:21,271 : INFO - ==========================================================================================================
2024-03-08 19:19:21,144 : INFO - ==========================================================================================================
2024-03-08 19:19:21,144 : INFO - Program: /IoT/bin/Registered_Hist.py
2024-03-08 19:19:21,144 : INFO - Proc Start: 2024/03/08 19:19:21.143265
2024-03-08 19:19:21,145 : INFO - ----- Python Version -------------------
2024-03-08 19:19:21,145 : INFO - 3.5.3 (default, Nov  4 2021, 15:29:10) 
[GCC 6.3.0 20170516]
2024-03-08 19:19:21,160 : INFO - ************ 実行履歴の書き込み START *******************
2024-03-08 19:19:21,160 : INFO - -----   データファイル参照   -----
2024-03-08 19:19:21,332 : INFO - -----   DB接続実行   -----
2024-03-08 19:19:23,089 : INFO - -----   INSERT処理実行   -----
2024-03-08 19:19:23,105 : INFO - -----   DB接続終了   -----
2024-03-08 19:19:23,106 : INFO - Proc End: 2024/03/08 19:19:23.106720
2024-03-08 19:19:23,107 : INFO - Elapsed Time[s]: 1.963455
2024-03-08 19:19:23,107 : INFO - ==========================================================================================================
2024-03-08 20:19:18,075 : INFO - ==========================================================================================================
2024-03-08 20:19:18,076 : INFO - Program: /IoT/bin/Registered_Hist.py
2024-03-08 20:19:18,076 : INFO - Proc Start: 2024/03/08 20:19:18.074677
2024-03-08 20:19:18,076 : INFO - ----- Python Version -------------------
2024-03-08 20:19:18,076 : INFO - 3.5.3 (default, Nov  4 2021, 15:29:10) 
[GCC 6.3.0 20170516]
2024-03-08 20:19:18,091 : INFO - ************ 実行履歴の書き込み START *******************
2024-03-08 20:19:18,092 : INFO - -----   データファイル参照   -----
2024-03-08 20:19:18,262 : INFO - -----   DB接続実行   -----
2024-03-08 20:19:19,970 : INFO - -----   INSERT処理実行   -----
2024-03-08 20:19:19,978 : INFO - -----   DB接続終了   -----
2024-03-08 20:19:19,980 : INFO - Proc End: 2024/03/08 20:19:19.980090
2024-03-08 20:19:19,980 : INFO - Elapsed Time[s]: 1.905413
2024-03-08 20:19:19,980 : INFO - ==========================================================================================================
2024-03-08 21:19:20,160 : INFO - ==========================================================================================================
2024-03-08 21:19:20,160 : INFO - Program: /IoT/bin/Registered_Hist.py
2024-03-08 21:19:20,160 : INFO - Proc Start: 2024/03/08 21:19:20.159045
2024-03-08 21:19:20,160 : INFO - ----- Python Version -------------------
2024-03-08 21:19:20,161 : INFO - 3.5.3 (default, Nov  4 2021, 15:29:10) 
[GCC 6.3.0 20170516]
2024-03-08 21:19:20,175 : INFO - ************ 実行履歴の書き込み START *******************
2024-03-08 21:19:20,176 : INFO - -----   データファイル参照   -----
2024-03-08 21:19:20,349 : INFO - -----   DB接続実行   -----
2024-03-08 21:19:22,039 : INFO - -----   INSERT処理実行   -----
2024-03-08 21:19:22,055 : INFO - -----   DB接続終了   -----
2024-03-08 21:19:22,057 : INFO - Proc End: 2024/03/08 21:19:22.057569
2024-03-08 21:19:22,058 : INFO - Elapsed Time[s]: 1.898524
2024-03-08 21:19:22,058 : INFO - ==========================================================================================================
2024-03-08 22:19:11,467 : INFO - ==========================================================================================================
2024-03-08 22:19:11,468 : INFO - Program: /IoT/bin/Registered_Hist.py
2024-03-08 22:19:11,468 : INFO - Proc Start: 2024/03/08 22:19:11.466829
2024-03-08 22:19:11,468 : INFO - ----- Python Version -------------------
2024-03-08 22:19:11,468 : INFO - 3.5.3 (default, Nov  4 2021, 15:29:10) 
[GCC 6.3.0 20170516]
2024-03-08 22:19:11,483 : INFO - ************ 実行履歴の書き込み START *******************
2024-03-08 22:19:11,483 : INFO - -----   データファイル参照   -----
2024-03-08 22:19:11,655 : INFO - -----   DB接続実行   -----
2024-03-08 22:19:13,358 : INFO - -----   INSERT処理実行   -----
2024-03-08 22:19:13,375 : INFO - -----   DB接続終了   -----
2024-03-08 22:19:13,377 : INFO - Proc End: 2024/03/08 22:19:13.376835
2024-03-08 22:19:13,377 : INFO - Elapsed Time[s]: 1.910006
2024-03-08 22:19:13,377 : INFO - ==========================================================================================================
2024-03-08 23:19:08,894 : INFO - ==========================================================================================================
2024-03-08 23:19:08,894 : INFO - Program: /IoT/bin/Registered_Hist.py
2024-03-08 23:19:08,894 : INFO - Proc Start: 2024/03/08 23:19:08.893161
2024-03-08 23:19:08,894 : INFO - ----- Python Version -------------------
2024-03-08 23:19:08,895 : INFO - 3.5.3 (default, Nov  4 2021, 15:29:10) 
[GCC 6.3.0 20170516]
2024-03-08 23:19:08,909 : INFO - ************ 実行履歴の書き込み START *******************
2024-03-08 23:19:08,910 : INFO - -----   データファイル参照   -----
2024-03-08 23:19:09,082 : INFO - -----   DB接続実行   -----
2024-03-08 23:19:10,516 : INFO - -----   INSERT処理実行   -----
2024-03-08 23:19:10,531 : INFO - -----   DB接続終了   -----
2024-03-08 23:19:10,533 : INFO - Proc End: 2024/03/08 23:19:10.533433
2024-03-08 23:19:10,533 : INFO - Elapsed Time[s]: 1.640272
2024-03-08 23:19:10,534 : INFO - ==========================================================================================================
2024-03-09 00:19:02,767 : INFO - ==========================================================================================================
2024-03-09 00:19:02,768 : INFO - Program: /IoT/bin/Registered_Hist.py
2024-03-09 00:19:02,768 : INFO - Proc Start: 2024/03/09 00:19:02.766731
2024-03-09 00:19:02,768 : INFO - ----- Python Version -------------------
2024-03-09 00:19:02,768 : INFO - 3.5.3 (default, Nov  4 2021, 15:29:10) 
[GCC 6.3.0 20170516]
2024-03-09 00:19:02,784 : INFO - ************ 実行履歴の書き込み START *******************
2024-03-09 00:19:02,785 : INFO - -----   データファイル参照   -----
2024-03-09 00:19:02,958 : INFO - -----   DB接続実行   -----
2024-03-09 00:19:04,333 : INFO - -----   INSERT処理実行   -----
2024-03-09 00:19:04,341 : INFO - -----   DB接続終了   -----
2024-03-09 00:19:04,343 : INFO - Proc End: 2024/03/09 00:19:04.343204
2024-03-09 00:19:04,343 : INFO - Elapsed Time[s]: 1.576473
2024-03-09 00:19:04,343 : INFO - ==========================================================================================================
2024-03-09 01:19:18,768 : INFO - ==========================================================================================================
2024-03-09 01:19:18,768 : INFO - Program: /IoT/bin/Registered_Hist.py
2024-03-09 01:19:18,768 : INFO - Proc Start: 2024/03/09 01:19:18.767049
2024-03-09 01:19:18,768 : INFO - ----- Python Version -------------------
2024-03-09 01:19:18,769 : INFO - 3.5.3 (default, Nov  4 2021, 15:29:10) 
[GCC 6.3.0 20170516]
2024-03-09 01:19:18,785 : INFO - ************ 実行履歴の書き込み START *******************
2024-03-09 01:19:18,786 : INFO - -----   データファイル参照   -----
2024-03-09 01:19:18,957 : INFO - -----   DB接続実行   -----
2024-03-09 01:19:20,611 : INFO - -----   INSERT処理実行   -----
2024-03-09 01:19:20,626 : INFO - -----   DB接続終了   -----
2024-03-09 01:19:20,627 : INFO - Proc End: 2024/03/09 01:19:20.627778
2024-03-09 01:19:20,628 : INFO - Elapsed Time[s]: 1.860729
2024-03-09 01:19:20,628 : INFO - ==========================================================================================================
2024-03-09 02:19:15,533 : INFO - ==========================================================================================================
2024-03-09 02:19:15,533 : INFO - Program: /IoT/bin/Registered_Hist.py
2024-03-09 02:19:15,533 : INFO - Proc Start: 2024/03/09 02:19:15.532213
2024-03-09 02:19:15,534 : INFO - ----- Python Version -------------------
2024-03-09 02:19:15,534 : INFO - 3.5.3 (default, Nov  4 2021, 15:29:10) 
[GCC 6.3.0 20170516]
2024-03-09 02:19:15,550 : INFO - ************ 実行履歴の書き込み START *******************
2024-03-09 02:19:15,551 : INFO - -----   データファイル参照   -----
2024-03-09 02:19:15,722 : INFO - -----   DB接続実行   -----
2024-03-09 02:19:17,503 : INFO - -----   INSERT処理実行   -----
2024-03-09 02:19:17,513 : INFO - -----   DB接続終了   -----
2024-03-09 02:19:17,515 : INFO - Proc End: 2024/03/09 02:19:17.514901
2024-03-09 02:19:17,515 : INFO - Elapsed Time[s]: 1.982688
2024-03-09 02:19:17,515 : INFO - ==========================================================================================================
2024-03-09 03:19:08,783 : INFO - ==========================================================================================================
2024-03-09 03:19:08,784 : INFO - Program: /IoT/bin/Registered_Hist.py
2024-03-09 03:19:08,784 : INFO - Proc Start: 2024/03/09 03:19:08.782950
2024-03-09 03:19:08,784 : INFO - ----- Python Version -------------------
2024-03-09 03:19:08,784 : INFO - 3.5.3 (default, Nov  4 2021, 15:29:10) 
[GCC 6.3.0 20170516]
2024-03-09 03:19:08,801 : INFO - ************ 実行履歴の書き込み START *******************
2024-03-09 03:19:08,801 : INFO - -----   データファイル参照   -----
2024-03-09 03:19:08,973 : INFO - -----   DB接続実行   -----
2024-03-09 03:19:10,333 : INFO - -----   INSERT処理実行   -----
2024-03-09 03:19:10,350 : INFO - -----   DB接続終了   -----
2024-03-09 03:19:10,351 : INFO - Proc End: 2024/03/09 03:19:10.351739
2024-03-09 03:19:10,352 : INFO - Elapsed Time[s]: 1.568789
2024-03-09 03:19:10,352 : INFO - ==========================================================================================================
2024-03-09 04:19:17,446 : INFO - ==========================================================================================================
2024-03-09 04:19:17,446 : INFO - Program: /IoT/bin/Registered_Hist.py
2024-03-09 04:19:17,447 : INFO - Proc Start: 2024/03/09 04:19:17.445424
2024-03-09 04:19:17,447 : INFO - ----- Python Version -------------------
2024-03-09 04:19:17,447 : INFO - 3.5.3 (default, Nov  4 2021, 15:29:10) 
[GCC 6.3.0 20170516]
2024-03-09 04:19:17,463 : INFO - ************ 実行履歴の書き込み START *******************
2024-03-09 04:19:17,464 : INFO - -----   データファイル参照   -----
2024-03-09 04:19:17,636 : INFO - -----   DB接続実行   -----
2024-03-09 04:19:19,167 : INFO - -----   INSERT処理実行   -----
2024-03-09 04:19:19,179 : INFO - -----   DB接続終了   -----
2024-03-09 04:19:19,181 : INFO - Proc End: 2024/03/09 04:19:19.180991
2024-03-09 04:19:19,181 : INFO - Elapsed Time[s]: 1.735567
2024-03-09 04:19:19,181 : INFO - ==========================================================================================================
2024-03-09 05:19:11,229 : INFO - ==========================================================================================================
2024-03-09 05:19:11,230 : INFO - Program: /IoT/bin/Registered_Hist.py
2024-03-09 05:19:11,230 : INFO - Proc Start: 2024/03/09 05:19:11.228732
2024-03-09 05:19:11,230 : INFO - ----- Python Version -------------------
2024-03-09 05:19:11,230 : INFO - 3.5.3 (default, Nov  4 2021, 15:29:10) 
[GCC 6.3.0 20170516]
2024-03-09 05:19:11,246 : INFO - ************ 実行履歴の書き込み START *******************
2024-03-09 05:19:11,247 : INFO - -----   データファイル参照   -----
2024-03-09 05:19:11,417 : INFO - -----   DB接続実行   -----
2024-03-09 05:19:13,232 : INFO - -----   INSERT処理実行   -----
2024-03-09 05:19:13,246 : INFO - -----   DB接続終了   -----
2024-03-09 05:19:13,247 : INFO - Proc End: 2024/03/09 05:19:13.247783
2024-03-09 05:19:13,248 : INFO - Elapsed Time[s]: 2.019051
2024-03-09 05:19:13,248 : INFO - ==========================================================================================================
2024-03-09 06:19:14,106 : INFO - ==========================================================================================================
2024-03-09 06:19:14,106 : INFO - Program: /IoT/bin/Registered_Hist.py
2024-03-09 06:19:14,106 : INFO - Proc Start: 2024/03/09 06:19:14.105196
2024-03-09 06:19:14,107 : INFO - ----- Python Version -------------------
2024-03-09 06:19:14,107 : INFO - 3.5.3 (default, Nov  4 2021, 15:29:10) 
[GCC 6.3.0 20170516]
2024-03-09 06:19:14,123 : INFO - ************ 実行履歴の書き込み START *******************
2024-03-09 06:19:14,123 : INFO - -----   データファイル参照   -----
2024-03-09 06:19:14,293 : INFO - -----   DB接続実行   -----
2024-03-09 06:19:15,599 : INFO - -----   INSERT処理実行   -----
2024-03-09 06:19:15,615 : INFO - -----   DB接続終了   -----
2024-03-09 06:19:15,616 : INFO - Proc End: 2024/03/09 06:19:15.616728
2024-03-09 06:19:15,617 : INFO - Elapsed Time[s]: 1.511532
2024-03-09 06:19:15,617 : INFO - ==========================================================================================================
2024-03-09 07:19:05,941 : INFO - ==========================================================================================================
2024-03-09 07:19:05,941 : INFO - Program: /IoT/bin/Registered_Hist.py
2024-03-09 07:19:05,941 : INFO - Proc Start: 2024/03/09 07:19:05.940230
2024-03-09 07:19:05,942 : INFO - ----- Python Version -------------------
2024-03-09 07:19:05,942 : INFO - 3.5.3 (default, Nov  4 2021, 15:29:10) 
[GCC 6.3.0 20170516]
2024-03-09 07:19:05,958 : INFO - ************ 実行履歴の書き込み START *******************
2024-03-09 07:19:05,959 : INFO - -----   データファイル参照   -----
2024-03-09 07:19:06,129 : INFO - -----   DB接続実行   -----
2024-03-09 07:19:07,713 : INFO - -----   INSERT処理実行   -----
2024-03-09 07:19:07,729 : INFO - -----   DB接続終了   -----
2024-03-09 07:19:07,731 : INFO - Proc End: 2024/03/09 07:19:07.731449
2024-03-09 07:19:07,731 : INFO - Elapsed Time[s]: 1.791219
2024-03-09 07:19:07,732 : INFO - ==========================================================================================================
2024-03-09 08:19:23,426 : INFO - ==========================================================================================================
2024-03-09 08:19:23,426 : INFO - Program: /IoT/bin/Registered_Hist.py
2024-03-09 08:19:23,426 : INFO - Proc Start: 2024/03/09 08:19:23.425062
2024-03-09 08:19:23,426 : INFO - ----- Python Version -------------------
2024-03-09 08:19:23,427 : INFO - 3.5.3 (default, Nov  4 2021, 15:29:10) 
[GCC 6.3.0 20170516]
2024-03-09 08:19:23,442 : INFO - ************ 実行履歴の書き込み START *******************
2024-03-09 08:19:23,443 : INFO - -----   データファイル参照   -----
2024-03-09 08:19:23,614 : INFO - -----   DB接続実行   -----
2024-03-09 08:19:25,423 : INFO - -----   INSERT処理実行   -----
2024-03-09 08:19:25,440 : INFO - -----   DB接続終了   -----
2024-03-09 08:19:25,442 : INFO - Proc End: 2024/03/09 08:19:25.441955
2024-03-09 08:19:25,442 : INFO - Elapsed Time[s]: 2.016893
2024-03-09 08:19:25,442 : INFO - ==========================================================================================================
2024-03-09 09:19:13,530 : INFO - ==========================================================================================================
2024-03-09 09:19:13,531 : INFO - Program: /IoT/bin/Registered_Hist.py
2024-03-09 09:19:13,531 : INFO - Proc Start: 2024/03/09 09:19:13.530015
2024-03-09 09:19:13,531 : INFO - ----- Python Version -------------------
2024-03-09 09:19:13,531 : INFO - 3.5.3 (default, Nov  4 2021, 15:29:10) 
[GCC 6.3.0 20170516]
2024-03-09 09:19:13,547 : INFO - ************ 実行履歴の書き込み START *******************
2024-03-09 09:19:13,547 : INFO - -----   データファイル参照   -----
2024-03-09 09:19:13,719 : INFO - -----   DB接続実行   -----
2024-03-09 09:19:15,559 : INFO - -----   INSERT処理実行   -----
2024-03-09 09:19:15,567 : INFO - -----   DB接続終了   -----
2024-03-09 09:19:15,569 : INFO - Proc End: 2024/03/09 09:19:15.569290
2024-03-09 09:19:15,569 : INFO - Elapsed Time[s]: 2.039275
2024-03-09 09:19:15,569 : INFO - ==========================================================================================================
2024-03-09 10:19:19,629 : INFO - ==========================================================================================================
2024-03-09 10:19:19,630 : INFO - Program: /IoT/bin/Registered_Hist.py
2024-03-09 10:19:19,630 : INFO - Proc Start: 2024/03/09 10:19:19.628934
2024-03-09 10:19:19,630 : INFO - ----- Python Version -------------------
2024-03-09 10:19:19,630 : INFO - 3.5.3 (default, Nov  4 2021, 15:29:10) 
[GCC 6.3.0 20170516]
2024-03-09 10:19:19,646 : INFO - ************ 実行履歴の書き込み START *******************
2024-03-09 10:19:19,646 : INFO - -----   データファイル参照   -----
2024-03-09 10:19:19,818 : INFO - -----   DB接続実行   -----
2024-03-09 10:19:21,200 : INFO - -----   INSERT処理実行   -----
2024-03-09 10:19:21,212 : INFO - -----   DB接続終了   -----
2024-03-09 10:19:21,214 : INFO - Proc End: 2024/03/09 10:19:21.213978
2024-03-09 10:19:21,214 : INFO - Elapsed Time[s]: 1.585044
2024-03-09 10:19:21,214 : INFO - ==========================================================================================================
2024-03-09 11:19:22,679 : INFO - ==========================================================================================================
2024-03-09 11:19:22,679 : INFO - Program: /IoT/bin/Registered_Hist.py
2024-03-09 11:19:22,679 : INFO - Proc Start: 2024/03/09 11:19:22.678124
2024-03-09 11:19:22,679 : INFO - ----- Python Version -------------------
2024-03-09 11:19:22,680 : INFO - 3.5.3 (default, Nov  4 2021, 15:29:10) 
[GCC 6.3.0 20170516]
2024-03-09 11:19:22,695 : INFO - ************ 実行履歴の書き込み START *******************
2024-03-09 11:19:22,696 : INFO - -----   データファイル参照   -----
2024-03-09 11:19:22,867 : INFO - -----   DB接続実行   -----
2024-03-09 11:19:24,720 : INFO - -----   INSERT処理実行   -----
2024-03-09 11:19:24,736 : INFO - -----   DB接続終了   -----
2024-03-09 11:19:24,738 : INFO - Proc End: 2024/03/09 11:19:24.738041
2024-03-09 11:19:24,738 : INFO - Elapsed Time[s]: 2.059917
2024-03-09 11:19:24,738 : INFO - ==========================================================================================================
2024-03-09 12:19:14,036 : INFO - ==========================================================================================================
2024-03-09 12:19:14,037 : INFO - Program: /IoT/bin/Registered_Hist.py
2024-03-09 12:19:14,037 : INFO - Proc Start: 2024/03/09 12:19:14.035949
2024-03-09 12:19:14,037 : INFO - ----- Python Version -------------------
2024-03-09 12:19:14,037 : INFO - 3.5.3 (default, Nov  4 2021, 15:29:10) 
[GCC 6.3.0 20170516]
2024-03-09 12:19:14,053 : INFO - ************ 実行履歴の書き込み START *******************
2024-03-09 12:19:14,053 : INFO - -----   データファイル参照   -----
2024-03-09 12:19:14,225 : INFO - -----   DB接続実行   -----
2024-03-09 12:19:15,596 : INFO - -----   INSERT処理実行   -----
2024-03-09 12:19:15,614 : INFO - -----   DB接続終了   -----
2024-03-09 12:19:15,616 : INFO - Proc End: 2024/03/09 12:19:15.616048
2024-03-09 12:19:15,616 : INFO - Elapsed Time[s]: 1.580099
2024-03-09 12:19:15,616 : INFO - ==========================================================================================================
2024-03-09 13:19:08,132 : INFO - ==========================================================================================================
2024-03-09 13:19:08,133 : INFO - Program: /IoT/bin/Registered_Hist.py
2024-03-09 13:19:08,133 : INFO - Proc Start: 2024/03/09 13:19:08.131788
2024-03-09 13:19:08,133 : INFO - ----- Python Version -------------------
2024-03-09 13:19:08,133 : INFO - 3.5.3 (default, Nov  4 2021, 15:29:10) 
[GCC 6.3.0 20170516]
2024-03-09 13:19:08,148 : INFO - ************ 実行履歴の書き込み START *******************
2024-03-09 13:19:08,149 : INFO - -----   データファイル参照   -----
2024-03-09 13:19:08,320 : INFO - -----   DB接続実行   -----
2024-03-09 13:19:10,050 : INFO - -----   INSERT処理実行   -----
2024-03-09 13:19:10,066 : INFO - -----   DB接続終了   -----
2024-03-09 13:19:10,068 : INFO - Proc End: 2024/03/09 13:19:10.068172
2024-03-09 13:19:10,068 : INFO - Elapsed Time[s]: 1.936384
2024-03-09 13:19:10,068 : INFO - ==========================================================================================================
2024-03-09 14:19:15,048 : INFO - ==========================================================================================================
2024-03-09 14:19:15,048 : INFO - Program: /IoT/bin/Registered_Hist.py
2024-03-09 14:19:15,049 : INFO - Proc Start: 2024/03/09 14:19:15.047496
2024-03-09 14:19:15,049 : INFO - ----- Python Version -------------------
2024-03-09 14:19:15,049 : INFO - 3.5.3 (default, Nov  4 2021, 15:29:10) 
[GCC 6.3.0 20170516]
2024-03-09 14:19:15,064 : INFO - ************ 実行履歴の書き込み START *******************
2024-03-09 14:19:15,065 : INFO - -----   データファイル参照   -----
2024-03-09 14:19:15,237 : INFO - -----   DB接続実行   -----
2024-03-09 14:19:16,752 : INFO - -----   INSERT処理実行   -----
2024-03-09 14:19:16,763 : INFO - -----   DB接続終了   -----
2024-03-09 14:19:16,765 : INFO - Proc End: 2024/03/09 14:19:16.765503
2024-03-09 14:19:16,765 : INFO - Elapsed Time[s]: 1.718007
2024-03-09 14:19:16,766 : INFO - ==========================================================================================================
2024-03-09 15:19:13,004 : INFO - ==========================================================================================================
2024-03-09 15:19:13,005 : INFO - Program: /IoT/bin/Registered_Hist.py
2024-03-09 15:19:13,005 : INFO - Proc Start: 2024/03/09 15:19:13.003936
2024-03-09 15:19:13,005 : INFO - ----- Python Version -------------------
2024-03-09 15:19:13,005 : INFO - 3.5.3 (default, Nov  4 2021, 15:29:10) 
[GCC 6.3.0 20170516]
2024-03-09 15:19:13,021 : INFO - ************ 実行履歴の書き込み START *******************
2024-03-09 15:19:13,021 : INFO - -----   データファイル参照   -----
2024-03-09 15:19:13,192 : INFO - -----   DB接続実行   -----
2024-03-09 15:19:14,596 : INFO - -----   INSERT処理実行   -----
2024-03-09 15:19:14,611 : INFO - -----   DB接続終了   -----
2024-03-09 15:19:14,613 : INFO - Proc End: 2024/03/09 15:19:14.612970
2024-03-09 15:19:14,613 : INFO - Elapsed Time[s]: 1.609034
2024-03-09 15:19:14,613 : INFO - ==========================================================================================================
2024-03-09 16:19:18,013 : INFO - ==========================================================================================================
2024-03-09 16:19:18,013 : INFO - Program: /IoT/bin/Registered_Hist.py
2024-03-09 16:19:18,013 : INFO - Proc Start: 2024/03/09 16:19:18.012170
2024-03-09 16:19:18,014 : INFO - ----- Python Version -------------------
2024-03-09 16:19:18,014 : INFO - 3.5.3 (default, Nov  4 2021, 15:29:10) 
[GCC 6.3.0 20170516]
2024-03-09 16:19:18,029 : INFO - ************ 実行履歴の書き込み START *******************
2024-03-09 16:19:18,030 : INFO - -----   データファイル参照   -----
2024-03-09 16:19:18,201 : INFO - -----   DB接続実行   -----
2024-03-09 16:19:19,844 : INFO - -----   INSERT処理実行   -----
2024-03-09 16:19:19,857 : INFO - -----   DB接続終了   -----
2024-03-09 16:19:19,859 : INFO - Proc End: 2024/03/09 16:19:19.859666
2024-03-09 16:19:19,860 : INFO - Elapsed Time[s]: 1.847496
2024-03-09 16:19:19,860 : INFO - ==========================================================================================================
2024-03-09 17:19:13,518 : INFO - ==========================================================================================================
2024-03-09 17:19:13,519 : INFO - Program: /IoT/bin/Registered_Hist.py
2024-03-09 17:19:13,519 : INFO - Proc Start: 2024/03/09 17:19:13.517908
2024-03-09 17:19:13,519 : INFO - ----- Python Version -------------------
2024-03-09 17:19:13,519 : INFO - 3.5.3 (default, Nov  4 2021, 15:29:10) 
[GCC 6.3.0 20170516]
2024-03-09 17:19:13,534 : INFO - ************ 実行履歴の書き込み START *******************
2024-03-09 17:19:13,535 : INFO - -----   データファイル参照   -----
2024-03-09 17:19:13,708 : INFO - -----   DB接続実行   -----
2024-03-09 17:19:15,160 : INFO - -----   INSERT処理実行   -----
2024-03-09 17:19:15,177 : INFO - -----   DB接続終了   -----
2024-03-09 17:19:15,178 : INFO - Proc End: 2024/03/09 17:19:15.178691
2024-03-09 17:19:15,179 : INFO - Elapsed Time[s]: 1.660783
2024-03-09 17:19:15,179 : INFO - ==========================================================================================================
2024-03-09 18:19:16,970 : INFO - ==========================================================================================================
2024-03-09 18:19:16,970 : INFO - Program: /IoT/bin/Registered_Hist.py
2024-03-09 18:19:16,971 : INFO - Proc Start: 2024/03/09 18:19:16.969614
2024-03-09 18:19:16,971 : INFO - ----- Python Version -------------------
2024-03-09 18:19:16,971 : INFO - 3.5.3 (default, Nov  4 2021, 15:29:10) 
[GCC 6.3.0 20170516]
2024-03-09 18:19:16,986 : INFO - ************ 実行履歴の書き込み START *******************
2024-03-09 18:19:16,987 : INFO - -----   データファイル参照   -----
2024-03-09 18:19:17,157 : INFO - -----   DB接続実行   -----
2024-03-09 18:19:18,849 : INFO - -----   INSERT処理実行   -----
2024-03-09 18:19:18,865 : INFO - -----   DB接続終了   -----
2024-03-09 18:19:18,867 : INFO - Proc End: 2024/03/09 18:19:18.866986
2024-03-09 18:19:18,867 : INFO - Elapsed Time[s]: 1.897372
2024-03-09 18:19:18,867 : INFO - ==========================================================================================================
2024-03-09 19:19:09,787 : INFO - ==========================================================================================================
2024-03-09 19:19:09,787 : INFO - Program: /IoT/bin/Registered_Hist.py
2024-03-09 19:19:09,787 : INFO - Proc Start: 2024/03/09 19:19:09.786144
2024-03-09 19:19:09,788 : INFO - ----- Python Version -------------------
2024-03-09 19:19:09,788 : INFO - 3.5.3 (default, Nov  4 2021, 15:29:10) 
[GCC 6.3.0 20170516]
2024-03-09 19:19:09,803 : INFO - ************ 実行履歴の書き込み START *******************
2024-03-09 19:19:09,804 : INFO - -----   データファイル参照   -----
2024-03-09 19:19:09,975 : INFO - -----   DB接続実行   -----
2024-03-09 19:19:11,592 : INFO - -----   INSERT処理実行   -----
2024-03-09 19:19:11,608 : INFO - -----   DB接続終了   -----
2024-03-09 19:19:11,610 : INFO - Proc End: 2024/03/09 19:19:11.610138
2024-03-09 19:19:11,610 : INFO - Elapsed Time[s]: 1.823994
2024-03-09 19:19:11,610 : INFO - ==========================================================================================================
2024-03-09 20:19:13,106 : INFO - ==========================================================================================================
2024-03-09 20:19:13,107 : INFO - Program: /IoT/bin/Registered_Hist.py
2024-03-09 20:19:13,107 : INFO - Proc Start: 2024/03/09 20:19:13.105881
2024-03-09 20:19:13,107 : INFO - ----- Python Version -------------------
2024-03-09 20:19:13,108 : INFO - 3.5.3 (default, Nov  4 2021, 15:29:10) 
[GCC 6.3.0 20170516]
2024-03-09 20:19:13,122 : INFO - ************ 実行履歴の書き込み START *******************
2024-03-09 20:19:13,123 : INFO - -----   データファイル参照   -----
2024-03-09 20:19:13,295 : INFO - -----   DB接続実行   -----
2024-03-09 20:19:14,869 : INFO - -----   INSERT処理実行   -----
2024-03-09 20:19:14,886 : INFO - -----   DB接続終了   -----
2024-03-09 20:19:14,887 : INFO - Proc End: 2024/03/09 20:19:14.887607
2024-03-09 20:19:14,888 : INFO - Elapsed Time[s]: 1.781726
2024-03-09 20:19:14,888 : INFO - ==========================================================================================================
2024-03-09 21:19:13,020 : INFO - ==========================================================================================================
2024-03-09 21:19:13,021 : INFO - Program: /IoT/bin/Registered_Hist.py
2024-03-09 21:19:13,021 : INFO - Proc Start: 2024/03/09 21:19:13.019982
2024-03-09 21:19:13,021 : INFO - ----- Python Version -------------------
2024-03-09 21:19:13,021 : INFO - 3.5.3 (default, Nov  4 2021, 15:29:10) 
[GCC 6.3.0 20170516]
2024-03-09 21:19:13,036 : INFO - ************ 実行履歴の書き込み START *******************
2024-03-09 21:19:13,037 : INFO - -----   データファイル参照   -----
2024-03-09 21:19:13,209 : INFO - -----   DB接続実行   -----
2024-03-09 21:19:14,671 : INFO - -----   INSERT処理実行   -----
2024-03-09 21:19:14,684 : INFO - -----   DB接続終了   -----
2024-03-09 21:19:14,686 : INFO - Proc End: 2024/03/09 21:19:14.685994
2024-03-09 21:19:14,686 : INFO - Elapsed Time[s]: 1.666012
2024-03-09 21:19:14,686 : INFO - ==========================================================================================================
2024-03-09 22:19:19,136 : INFO - ==========================================================================================================
2024-03-09 22:19:19,136 : INFO - Program: /IoT/bin/Registered_Hist.py
2024-03-09 22:19:19,136 : INFO - Proc Start: 2024/03/09 22:19:19.135225
2024-03-09 22:19:19,137 : INFO - ----- Python Version -------------------
2024-03-09 22:19:19,137 : INFO - 3.5.3 (default, Nov  4 2021, 15:29:10) 
[GCC 6.3.0 20170516]
2024-03-09 22:19:19,151 : INFO - ************ 実行履歴の書き込み START *******************
2024-03-09 22:19:19,152 : INFO - -----   データファイル参照   -----
2024-03-09 22:19:19,323 : INFO - -----   DB接続実行   -----
2024-03-09 22:19:21,390 : INFO - -----   INSERT処理実行   -----
2024-03-09 22:19:21,407 : INFO - -----   DB接続終了   -----
2024-03-09 22:19:21,409 : INFO - Proc End: 2024/03/09 22:19:21.409745
2024-03-09 22:19:21,410 : INFO - Elapsed Time[s]: 2.274520
2024-03-09 22:19:21,410 : INFO - ==========================================================================================================
2024-03-09 23:19:13,413 : INFO - ==========================================================================================================
2024-03-09 23:19:13,413 : INFO - Program: /IoT/bin/Registered_Hist.py
2024-03-09 23:19:13,414 : INFO - Proc Start: 2024/03/09 23:19:13.412645
2024-03-09 23:19:13,414 : INFO - ----- Python Version -------------------
2024-03-09 23:19:13,414 : INFO - 3.5.3 (default, Nov  4 2021, 15:29:10) 
[GCC 6.3.0 20170516]
2024-03-09 23:19:13,428 : INFO - ************ 実行履歴の書き込み START *******************
2024-03-09 23:19:13,429 : INFO - -----   データファイル参照   -----
2024-03-09 23:19:13,600 : INFO - -----   DB接続実行   -----
2024-03-09 23:19:15,280 : INFO - -----   INSERT処理実行   -----
2024-03-09 23:19:15,292 : INFO - -----   DB接続終了   -----
2024-03-09 23:19:15,294 : INFO - Proc End: 2024/03/09 23:19:15.294623
2024-03-09 23:19:15,295 : INFO - Elapsed Time[s]: 1.881978
2024-03-09 23:19:15,295 : INFO - ==========================================================================================================
2024-03-10 00:19:16,177 : INFO - ==========================================================================================================
2024-03-10 00:19:16,178 : INFO - Program: /IoT/bin/Registered_Hist.py
2024-03-10 00:19:16,178 : INFO - Proc Start: 2024/03/10 00:19:16.176634
2024-03-10 00:19:16,178 : INFO - ----- Python Version -------------------
2024-03-10 00:19:16,178 : INFO - 3.5.3 (default, Nov  4 2021, 15:29:10) 
[GCC 6.3.0 20170516]
2024-03-10 00:19:16,194 : INFO - ************ 実行履歴の書き込み START *******************
2024-03-10 00:19:16,195 : INFO - -----   データファイル参照   -----
2024-03-10 00:19:16,365 : INFO - -----   DB接続実行   -----
2024-03-10 00:19:18,111 : INFO - -----   INSERT処理実行   -----
2024-03-10 00:19:18,129 : INFO - -----   DB接続終了   -----
2024-03-10 00:19:18,131 : INFO - Proc End: 2024/03/10 00:19:18.131476
2024-03-10 00:19:18,131 : INFO - Elapsed Time[s]: 1.954842
2024-03-10 00:19:18,132 : INFO - ==========================================================================================================
2024-03-10 01:19:11,223 : INFO - ==========================================================================================================
2024-03-10 01:19:11,223 : INFO - Program: /IoT/bin/Registered_Hist.py
2024-03-10 01:19:11,223 : INFO - Proc Start: 2024/03/10 01:19:11.222240
2024-03-10 01:19:11,224 : INFO - ----- Python Version -------------------
2024-03-10 01:19:11,224 : INFO - 3.5.3 (default, Nov  4 2021, 15:29:10) 
[GCC 6.3.0 20170516]
2024-03-10 01:19:11,240 : INFO - ************ 実行履歴の書き込み START *******************
2024-03-10 01:19:11,241 : INFO - -----   データファイル参照   -----
2024-03-10 01:19:11,413 : INFO - -----   DB接続実行   -----
2024-03-10 01:19:13,847 : INFO - -----   INSERT処理実行   -----
2024-03-10 01:19:13,864 : INFO - -----   DB接続終了   -----
2024-03-10 01:19:13,866 : INFO - Proc End: 2024/03/10 01:19:13.866103
2024-03-10 01:19:13,866 : INFO - Elapsed Time[s]: 2.643863
2024-03-10 01:19:13,866 : INFO - ==========================================================================================================
2024-03-10 02:19:18,830 : INFO - ==========================================================================================================
2024-03-10 02:19:18,830 : INFO - Program: /IoT/bin/Registered_Hist.py
2024-03-10 02:19:18,830 : INFO - Proc Start: 2024/03/10 02:19:18.829375
2024-03-10 02:19:18,831 : INFO - ----- Python Version -------------------
2024-03-10 02:19:18,831 : INFO - 3.5.3 (default, Nov  4 2021, 15:29:10) 
[GCC 6.3.0 20170516]
2024-03-10 02:19:18,847 : INFO - ************ 実行履歴の書き込み START *******************
2024-03-10 02:19:18,848 : INFO - -----   データファイル参照   -----
2024-03-10 02:19:19,022 : INFO - -----   DB接続実行   -----
2024-03-10 02:19:21,000 : INFO - -----   INSERT処理実行   -----
2024-03-10 02:19:21,017 : INFO - -----   DB接続終了   -----
2024-03-10 02:19:21,018 : INFO - Proc End: 2024/03/10 02:19:21.018666
2024-03-10 02:19:21,019 : INFO - Elapsed Time[s]: 2.189291
2024-03-10 02:19:21,019 : INFO - ==========================================================================================================
2024-03-10 03:19:23,840 : INFO - ==========================================================================================================
2024-03-10 03:19:23,840 : INFO - Program: /IoT/bin/Registered_Hist.py
2024-03-10 03:19:23,841 : INFO - Proc Start: 2024/03/10 03:19:23.839442
2024-03-10 03:19:23,841 : INFO - ----- Python Version -------------------
2024-03-10 03:19:23,841 : INFO - 3.5.3 (default, Nov  4 2021, 15:29:10) 
[GCC 6.3.0 20170516]
2024-03-10 03:19:23,857 : INFO - ************ 実行履歴の書き込み START *******************
2024-03-10 03:19:23,858 : INFO - -----   データファイル参照   -----
2024-03-10 03:19:24,028 : INFO - -----   DB接続実行   -----
2024-03-10 03:19:25,902 : INFO - -----   INSERT処理実行   -----
2024-03-10 03:19:25,918 : INFO - -----   DB接続終了   -----
2024-03-10 03:19:25,920 : INFO - Proc End: 2024/03/10 03:19:25.920422
2024-03-10 03:19:25,920 : INFO - Elapsed Time[s]: 2.080980
2024-03-10 03:19:25,921 : INFO - ==========================================================================================================
2024-03-10 04:19:18,973 : INFO - ==========================================================================================================
2024-03-10 04:19:18,973 : INFO - Program: /IoT/bin/Registered_Hist.py
2024-03-10 04:19:18,973 : INFO - Proc Start: 2024/03/10 04:19:18.972109
2024-03-10 04:19:18,973 : INFO - ----- Python Version -------------------
2024-03-10 04:19:18,974 : INFO - 3.5.3 (default, Nov  4 2021, 15:29:10) 
[GCC 6.3.0 20170516]
2024-03-10 04:19:18,990 : INFO - ************ 実行履歴の書き込み START *******************
2024-03-10 04:19:18,990 : INFO - -----   データファイル参照   -----
2024-03-10 04:19:19,162 : INFO - -----   DB接続実行   -----
2024-03-10 04:19:21,327 : INFO - -----   INSERT処理実行   -----
2024-03-10 04:19:21,344 : INFO - -----   DB接続終了   -----
2024-03-10 04:19:21,346 : INFO - Proc End: 2024/03/10 04:19:21.346024
2024-03-10 04:19:21,346 : INFO - Elapsed Time[s]: 2.373915
2024-03-10 04:19:21,346 : INFO - ==========================================================================================================
2024-03-10 05:19:12,991 : INFO - ==========================================================================================================
2024-03-10 05:19:12,992 : INFO - Program: /IoT/bin/Registered_Hist.py
2024-03-10 05:19:12,992 : INFO - Proc Start: 2024/03/10 05:19:12.990613
2024-03-10 05:19:12,992 : INFO - ----- Python Version -------------------
2024-03-10 05:19:12,992 : INFO - 3.5.3 (default, Nov  4 2021, 15:29:10) 
[GCC 6.3.0 20170516]
2024-03-10 05:19:13,008 : INFO - ************ 実行履歴の書き込み START *******************
2024-03-10 05:19:13,009 : INFO - -----   データファイル参照   -----
2024-03-10 05:19:13,182 : INFO - -----   DB接続実行   -----
2024-03-10 05:19:14,760 : INFO - -----   INSERT処理実行   -----
2024-03-10 05:19:14,778 : INFO - -----   DB接続終了   -----
2024-03-10 05:19:14,779 : INFO - Proc End: 2024/03/10 05:19:14.779760
2024-03-10 05:19:14,780 : INFO - Elapsed Time[s]: 1.789147
2024-03-10 05:19:14,780 : INFO - ==========================================================================================================
2024-03-10 06:19:12,880 : INFO - ==========================================================================================================
2024-03-10 06:19:12,881 : INFO - Program: /IoT/bin/Registered_Hist.py
2024-03-10 06:19:12,881 : INFO - Proc Start: 2024/03/10 06:19:12.879709
2024-03-10 06:19:12,881 : INFO - ----- Python Version -------------------
2024-03-10 06:19:12,881 : INFO - 3.5.3 (default, Nov  4 2021, 15:29:10) 
[GCC 6.3.0 20170516]
2024-03-10 06:19:12,897 : INFO - ************ 実行履歴の書き込み START *******************
2024-03-10 06:19:12,898 : INFO - -----   データファイル参照   -----
2024-03-10 06:19:13,071 : INFO - -----   DB接続実行   -----
2024-03-10 06:19:14,676 : INFO - -----   INSERT処理実行   -----
2024-03-10 06:19:14,694 : INFO - -----   DB接続終了   -----
2024-03-10 06:19:14,696 : INFO - Proc End: 2024/03/10 06:19:14.696329
2024-03-10 06:19:14,696 : INFO - Elapsed Time[s]: 1.816620
2024-03-10 06:19:14,696 : INFO - ==========================================================================================================
2024-03-10 07:19:22,129 : INFO - ==========================================================================================================
2024-03-10 07:19:22,130 : INFO - Program: /IoT/bin/Registered_Hist.py
2024-03-10 07:19:22,130 : INFO - Proc Start: 2024/03/10 07:19:22.128740
2024-03-10 07:19:22,130 : INFO - ----- Python Version -------------------
2024-03-10 07:19:22,130 : INFO - 3.5.3 (default, Nov  4 2021, 15:29:10) 
[GCC 6.3.0 20170516]
2024-03-10 07:19:22,147 : INFO - ************ 実行履歴の書き込み START *******************
2024-03-10 07:19:22,147 : INFO - -----   データファイル参照   -----
2024-03-10 07:19:22,318 : INFO - -----   DB接続実行   -----
2024-03-10 07:19:23,993 : INFO - -----   INSERT処理実行   -----
2024-03-10 07:19:24,011 : INFO - -----   DB接続終了   -----
2024-03-10 07:19:24,013 : INFO - Proc End: 2024/03/10 07:19:24.013445
2024-03-10 07:19:24,013 : INFO - Elapsed Time[s]: 1.884705
2024-03-10 07:19:24,014 : INFO - ==========================================================================================================
2024-03-10 08:19:17,229 : INFO - ==========================================================================================================
2024-03-10 08:19:17,229 : INFO - Program: /IoT/bin/Registered_Hist.py
2024-03-10 08:19:17,230 : INFO - Proc Start: 2024/03/10 08:19:17.228617
2024-03-10 08:19:17,230 : INFO - ----- Python Version -------------------
2024-03-10 08:19:17,230 : INFO - 3.5.3 (default, Nov  4 2021, 15:29:10) 
[GCC 6.3.0 20170516]
2024-03-10 08:19:17,246 : INFO - ************ 実行履歴の書き込み START *******************
2024-03-10 08:19:17,246 : INFO - -----   データファイル参照   -----
2024-03-10 08:19:17,418 : INFO - -----   DB接続実行   -----
2024-03-10 08:19:18,917 : INFO - -----   INSERT処理実行   -----
2024-03-10 08:19:18,929 : INFO - -----   DB接続終了   -----
2024-03-10 08:19:18,931 : INFO - Proc End: 2024/03/10 08:19:18.931413
2024-03-10 08:19:18,931 : INFO - Elapsed Time[s]: 1.702796
2024-03-10 08:19:18,932 : INFO - ==========================================================================================================
2024-03-10 09:19:16,764 : INFO - ==========================================================================================================
2024-03-10 09:19:16,765 : INFO - Program: /IoT/bin/Registered_Hist.py
2024-03-10 09:19:16,765 : INFO - Proc Start: 2024/03/10 09:19:16.763898
2024-03-10 09:19:16,765 : INFO - ----- Python Version -------------------
2024-03-10 09:19:16,765 : INFO - 3.5.3 (default, Nov  4 2021, 15:29:10) 
[GCC 6.3.0 20170516]
2024-03-10 09:19:16,781 : INFO - ************ 実行履歴の書き込み START *******************
2024-03-10 09:19:16,781 : INFO - -----   データファイル参照   -----
2024-03-10 09:19:16,953 : INFO - -----   DB接続実行   -----
2024-03-10 09:19:19,357 : INFO - -----   INSERT処理実行   -----
2024-03-10 09:19:19,369 : INFO - -----   DB接続終了   -----
2024-03-10 09:19:19,371 : INFO - Proc End: 2024/03/10 09:19:19.371048
2024-03-10 09:19:19,371 : INFO - Elapsed Time[s]: 2.607150
2024-03-10 09:19:19,371 : INFO - ==========================================================================================================
2024-03-10 10:19:23,158 : INFO - ==========================================================================================================
2024-03-10 10:19:23,158 : INFO - Program: /IoT/bin/Registered_Hist.py
2024-03-10 10:19:23,158 : INFO - Proc Start: 2024/03/10 10:19:23.157256
2024-03-10 10:19:23,159 : INFO - ----- Python Version -------------------
2024-03-10 10:19:23,159 : INFO - 3.5.3 (default, Nov  4 2021, 15:29:10) 
[GCC 6.3.0 20170516]
2024-03-10 10:19:23,174 : INFO - ************ 実行履歴の書き込み START *******************
2024-03-10 10:19:23,175 : INFO - -----   データファイル参照   -----
2024-03-10 10:19:23,347 : INFO - -----   DB接続実行   -----
2024-03-10 10:19:25,137 : INFO - -----   INSERT処理実行   -----
2024-03-10 10:19:25,155 : INFO - -----   DB接続終了   -----
2024-03-10 10:19:25,156 : INFO - Proc End: 2024/03/10 10:19:25.156728
2024-03-10 10:19:25,157 : INFO - Elapsed Time[s]: 1.999472
2024-03-10 10:19:25,157 : INFO - ==========================================================================================================
2024-03-10 11:19:13,962 : INFO - ==========================================================================================================
2024-03-10 11:19:13,963 : INFO - Program: /IoT/bin/Registered_Hist.py
2024-03-10 11:19:13,963 : INFO - Proc Start: 2024/03/10 11:19:13.961945
2024-03-10 11:19:13,963 : INFO - ----- Python Version -------------------
2024-03-10 11:19:13,963 : INFO - 3.5.3 (default, Nov  4 2021, 15:29:10) 
[GCC 6.3.0 20170516]
2024-03-10 11:19:13,979 : INFO - ************ 実行履歴の書き込み START *******************
2024-03-10 11:19:13,979 : INFO - -----   データファイル参照   -----
2024-03-10 11:19:14,151 : INFO - -----   DB接続実行   -----
2024-03-10 11:19:16,562 : INFO - -----   INSERT処理実行   -----
2024-03-10 11:19:16,580 : INFO - -----   DB接続終了   -----
2024-03-10 11:19:16,582 : INFO - Proc End: 2024/03/10 11:19:16.581968
2024-03-10 11:19:16,582 : INFO - Elapsed Time[s]: 2.620023
2024-03-10 11:19:16,582 : INFO - ==========================================================================================================
2024-03-10 12:19:19,092 : INFO - ==========================================================================================================
2024-03-10 12:19:19,093 : INFO - Program: /IoT/bin/Registered_Hist.py
2024-03-10 12:19:19,093 : INFO - Proc Start: 2024/03/10 12:19:19.091800
2024-03-10 12:19:19,093 : INFO - ----- Python Version -------------------
2024-03-10 12:19:19,093 : INFO - 3.5.3 (default, Nov  4 2021, 15:29:10) 
[GCC 6.3.0 20170516]
2024-03-10 12:19:19,109 : INFO - ************ 実行履歴の書き込み START *******************
2024-03-10 12:19:19,109 : INFO - -----   データファイル参照   -----
2024-03-10 12:19:19,280 : INFO - -----   DB接続実行   -----
2024-03-10 12:19:20,775 : INFO - -----   INSERT処理実行   -----
2024-03-10 12:19:20,786 : INFO - -----   DB接続終了   -----
2024-03-10 12:19:20,788 : INFO - Proc End: 2024/03/10 12:19:20.788149
2024-03-10 12:19:20,788 : INFO - Elapsed Time[s]: 1.696349
2024-03-10 12:19:20,788 : INFO - ==========================================================================================================
2024-03-10 13:19:17,290 : INFO - ==========================================================================================================
2024-03-10 13:19:17,290 : INFO - Program: /IoT/bin/Registered_Hist.py
2024-03-10 13:19:17,290 : INFO - Proc Start: 2024/03/10 13:19:17.289292
2024-03-10 13:19:17,291 : INFO - ----- Python Version -------------------
2024-03-10 13:19:17,291 : INFO - 3.5.3 (default, Nov  4 2021, 15:29:10) 
[GCC 6.3.0 20170516]
2024-03-10 13:19:17,306 : INFO - ************ 実行履歴の書き込み START *******************
2024-03-10 13:19:17,307 : INFO - -----   データファイル参照   -----
2024-03-10 13:19:17,480 : INFO - -----   DB接続実行   -----
2024-03-10 13:19:19,106 : INFO - -----   INSERT処理実行   -----
2024-03-10 13:19:19,119 : INFO - -----   DB接続終了   -----
2024-03-10 13:19:19,121 : INFO - Proc End: 2024/03/10 13:19:19.121180
2024-03-10 13:19:19,121 : INFO - Elapsed Time[s]: 1.831888
2024-03-10 13:19:19,121 : INFO - ==========================================================================================================
2024-03-10 14:19:13,996 : INFO - ==========================================================================================================
2024-03-10 14:19:13,996 : INFO - Program: /IoT/bin/Registered_Hist.py
2024-03-10 14:19:13,996 : INFO - Proc Start: 2024/03/10 14:19:13.995301
2024-03-10 14:19:13,997 : INFO - ----- Python Version -------------------
2024-03-10 14:19:13,997 : INFO - 3.5.3 (default, Nov  4 2021, 15:29:10) 
[GCC 6.3.0 20170516]
2024-03-10 14:19:14,012 : INFO - ************ 実行履歴の書き込み START *******************
2024-03-10 14:19:14,013 : INFO - -----   データファイル参照   -----
2024-03-10 14:19:14,184 : INFO - -----   DB接続実行   -----
2024-03-10 14:19:16,454 : INFO - -----   INSERT処理実行   -----
2024-03-10 14:19:16,472 : INFO - -----   DB接続終了   -----
2024-03-10 14:19:16,474 : INFO - Proc End: 2024/03/10 14:19:16.474244
2024-03-10 14:19:16,474 : INFO - Elapsed Time[s]: 2.478943
2024-03-10 14:19:16,474 : INFO - ==========================================================================================================
2024-03-10 15:19:18,472 : INFO - ==========================================================================================================
2024-03-10 15:19:18,472 : INFO - Program: /IoT/bin/Registered_Hist.py
2024-03-10 15:19:18,473 : INFO - Proc Start: 2024/03/10 15:19:18.471333
2024-03-10 15:19:18,473 : INFO - ----- Python Version -------------------
2024-03-10 15:19:18,473 : INFO - 3.5.3 (default, Nov  4 2021, 15:29:10) 
[GCC 6.3.0 20170516]
2024-03-10 15:19:18,488 : INFO - ************ 実行履歴の書き込み START *******************
2024-03-10 15:19:18,489 : INFO - -----   データファイル参照   -----
2024-03-10 15:19:18,661 : INFO - -----   DB接続実行   -----
2024-03-10 15:19:20,411 : INFO - -----   INSERT処理実行   -----
2024-03-10 15:19:20,421 : INFO - -----   DB接続終了   -----
2024-03-10 15:19:20,423 : INFO - Proc End: 2024/03/10 15:19:20.423352
2024-03-10 15:19:20,423 : INFO - Elapsed Time[s]: 1.952019
2024-03-10 15:19:20,423 : INFO - ==========================================================================================================
2024-03-10 16:19:23,378 : INFO - ==========================================================================================================
2024-03-10 16:19:23,378 : INFO - Program: /IoT/bin/Registered_Hist.py
2024-03-10 16:19:23,379 : INFO - Proc Start: 2024/03/10 16:19:23.377445
2024-03-10 16:19:23,379 : INFO - ----- Python Version -------------------
2024-03-10 16:19:23,379 : INFO - 3.5.3 (default, Nov  4 2021, 15:29:10) 
[GCC 6.3.0 20170516]
2024-03-10 16:19:23,394 : INFO - ************ 実行履歴の書き込み START *******************
2024-03-10 16:19:23,395 : INFO - -----   データファイル参照   -----
2024-03-10 16:19:23,566 : INFO - -----   DB接続実行   -----
2024-03-10 16:19:25,280 : INFO - -----   INSERT処理実行   -----
2024-03-10 16:19:25,297 : INFO - -----   DB接続終了   -----
2024-03-10 16:19:25,299 : INFO - Proc End: 2024/03/10 16:19:25.299347
2024-03-10 16:19:25,299 : INFO - Elapsed Time[s]: 1.921902
2024-03-10 16:19:25,299 : INFO - ==========================================================================================================
2024-03-10 17:19:18,795 : INFO - ==========================================================================================================
2024-03-10 17:19:18,795 : INFO - Program: /IoT/bin/Registered_Hist.py
2024-03-10 17:19:18,796 : INFO - Proc Start: 2024/03/10 17:19:18.794554
2024-03-10 17:19:18,796 : INFO - ----- Python Version -------------------
2024-03-10 17:19:18,796 : INFO - 3.5.3 (default, Nov  4 2021, 15:29:10) 
[GCC 6.3.0 20170516]
2024-03-10 17:19:18,811 : INFO - ************ 実行履歴の書き込み START *******************
2024-03-10 17:19:18,811 : INFO - -----   データファイル参照   -----
2024-03-10 17:19:18,982 : INFO - -----   DB接続実行   -----
2024-03-10 17:19:21,264 : INFO - -----   INSERT処理実行   -----
2024-03-10 17:19:21,274 : INFO - -----   DB接続終了   -----
2024-03-10 17:19:21,276 : INFO - Proc End: 2024/03/10 17:19:21.276442
2024-03-10 17:19:21,276 : INFO - Elapsed Time[s]: 2.481888
2024-03-10 17:19:21,277 : INFO - ==========================================================================================================
2024-03-10 18:19:14,575 : INFO - ==========================================================================================================
2024-03-10 18:19:14,576 : INFO - Program: /IoT/bin/Registered_Hist.py
2024-03-10 18:19:14,576 : INFO - Proc Start: 2024/03/10 18:19:14.574683
2024-03-10 18:19:14,576 : INFO - ----- Python Version -------------------
2024-03-10 18:19:14,576 : INFO - 3.5.3 (default, Nov  4 2021, 15:29:10) 
[GCC 6.3.0 20170516]
2024-03-10 18:19:14,591 : INFO - ************ 実行履歴の書き込み START *******************
2024-03-10 18:19:14,592 : INFO - -----   データファイル参照   -----
2024-03-10 18:19:14,765 : INFO - -----   DB接続実行   -----
2024-03-10 18:19:16,486 : INFO - -----   INSERT処理実行   -----
2024-03-10 18:19:16,503 : INFO - -----   DB接続終了   -----
2024-03-10 18:19:16,505 : INFO - Proc End: 2024/03/10 18:19:16.505225
2024-03-10 18:19:16,505 : INFO - Elapsed Time[s]: 1.930542
2024-03-10 18:19:16,505 : INFO - ==========================================================================================================
2024-03-10 19:19:17,664 : INFO - ==========================================================================================================
2024-03-10 19:19:17,664 : INFO - Program: /IoT/bin/Registered_Hist.py
2024-03-10 19:19:17,665 : INFO - Proc Start: 2024/03/10 19:19:17.663508
2024-03-10 19:19:17,665 : INFO - ----- Python Version -------------------
2024-03-10 19:19:17,665 : INFO - 3.5.3 (default, Nov  4 2021, 15:29:10) 
[GCC 6.3.0 20170516]
2024-03-10 19:19:17,680 : INFO - ************ 実行履歴の書き込み START *******************
2024-03-10 19:19:17,681 : INFO - -----   データファイル参照   -----
2024-03-10 19:19:17,852 : INFO - -----   DB接続実行   -----
2024-03-10 19:19:19,515 : INFO - -----   INSERT処理実行   -----
2024-03-10 19:19:19,530 : INFO - -----   DB接続終了   -----
2024-03-10 19:19:19,532 : INFO - Proc End: 2024/03/10 19:19:19.532410
2024-03-10 19:19:19,532 : INFO - Elapsed Time[s]: 1.868902
2024-03-10 19:19:19,533 : INFO - ==========================================================================================================
2024-03-10 20:19:18,751 : INFO - ==========================================================================================================
2024-03-10 20:19:18,751 : INFO - Program: /IoT/bin/Registered_Hist.py
2024-03-10 20:19:18,751 : INFO - Proc Start: 2024/03/10 20:19:18.750282
2024-03-10 20:19:18,752 : INFO - ----- Python Version -------------------
2024-03-10 20:19:18,752 : INFO - 3.5.3 (default, Nov  4 2021, 15:29:10) 
[GCC 6.3.0 20170516]
2024-03-10 20:19:18,767 : INFO - ************ 実行履歴の書き込み START *******************
2024-03-10 20:19:18,767 : INFO - -----   データファイル参照   -----
2024-03-10 20:19:18,938 : INFO - -----   DB接続実行   -----
2024-03-10 20:19:20,502 : INFO - -----   INSERT処理実行   -----
2024-03-10 20:19:20,518 : INFO - -----   DB接続終了   -----
2024-03-10 20:19:20,520 : INFO - Proc End: 2024/03/10 20:19:20.520064
2024-03-10 20:19:20,520 : INFO - Elapsed Time[s]: 1.769782
2024-03-10 20:19:20,520 : INFO - ==========================================================================================================
2024-03-10 21:19:13,465 : INFO - ==========================================================================================================
2024-03-10 21:19:13,465 : INFO - Program: /IoT/bin/Registered_Hist.py
2024-03-10 21:19:13,466 : INFO - Proc Start: 2024/03/10 21:19:13.464395
2024-03-10 21:19:13,466 : INFO - ----- Python Version -------------------
2024-03-10 21:19:13,466 : INFO - 3.5.3 (default, Nov  4 2021, 15:29:10) 
[GCC 6.3.0 20170516]
2024-03-10 21:19:13,481 : INFO - ************ 実行履歴の書き込み START *******************
2024-03-10 21:19:13,481 : INFO - -----   データファイル参照   -----
2024-03-10 21:19:13,652 : INFO - -----   DB接続実行   -----
2024-03-10 21:19:15,387 : INFO - -----   INSERT処理実行   -----
2024-03-10 21:19:15,403 : INFO - -----   DB接続終了   -----
2024-03-10 21:19:15,405 : INFO - Proc End: 2024/03/10 21:19:15.404948
2024-03-10 21:19:15,405 : INFO - Elapsed Time[s]: 1.940553
2024-03-10 21:19:15,405 : INFO - ==========================================================================================================
2024-03-10 22:19:17,966 : INFO - ==========================================================================================================
2024-03-10 22:19:17,966 : INFO - Program: /IoT/bin/Registered_Hist.py
2024-03-10 22:19:17,966 : INFO - Proc Start: 2024/03/10 22:19:17.965360
2024-03-10 22:19:17,967 : INFO - ----- Python Version -------------------
2024-03-10 22:19:17,967 : INFO - 3.5.3 (default, Nov  4 2021, 15:29:10) 
[GCC 6.3.0 20170516]
2024-03-10 22:19:17,981 : INFO - ************ 実行履歴の書き込み START *******************
2024-03-10 22:19:17,982 : INFO - -----   データファイル参照   -----
2024-03-10 22:19:18,154 : INFO - -----   DB接続実行   -----
2024-03-10 22:19:20,765 : INFO - -----   INSERT処理実行   -----
2024-03-10 22:19:20,773 : INFO - -----   DB接続終了   -----
2024-03-10 22:19:20,775 : INFO - Proc End: 2024/03/10 22:19:20.775106
2024-03-10 22:19:20,775 : INFO - Elapsed Time[s]: 2.809746
2024-03-10 22:19:20,775 : INFO - ==========================================================================================================
2024-03-10 23:19:14,037 : INFO - ==========================================================================================================
2024-03-10 23:19:14,037 : INFO - Program: /IoT/bin/Registered_Hist.py
2024-03-10 23:19:14,037 : INFO - Proc Start: 2024/03/10 23:19:14.036226
2024-03-10 23:19:14,037 : INFO - ----- Python Version -------------------
2024-03-10 23:19:14,038 : INFO - 3.5.3 (default, Nov  4 2021, 15:29:10) 
[GCC 6.3.0 20170516]
2024-03-10 23:19:14,052 : INFO - ************ 実行履歴の書き込み START *******************
2024-03-10 23:19:14,053 : INFO - -----   データファイル参照   -----
2024-03-10 23:19:14,225 : INFO - -----   DB接続実行   -----
2024-03-10 23:19:15,921 : INFO - -----   INSERT処理実行   -----
2024-03-10 23:19:15,929 : INFO - -----   DB接続終了   -----
2024-03-10 23:19:15,931 : INFO - Proc End: 2024/03/10 23:19:15.930944
2024-03-10 23:19:15,931 : INFO - Elapsed Time[s]: 1.894718
2024-03-10 23:19:15,931 : INFO - ==========================================================================================================
2024-03-11 00:19:27,732 : INFO - ==========================================================================================================
2024-03-11 00:19:27,733 : INFO - Program: /IoT/bin/Registered_Hist.py
2024-03-11 00:19:27,733 : INFO - Proc Start: 2024/03/11 00:19:27.731676
2024-03-11 00:19:27,733 : INFO - ----- Python Version -------------------
2024-03-11 00:19:27,733 : INFO - 3.5.3 (default, Nov  4 2021, 15:29:10) 
[GCC 6.3.0 20170516]
2024-03-11 00:19:27,749 : INFO - ************ 実行履歴の書き込み START *******************
2024-03-11 00:19:27,750 : INFO - -----   データファイル参照   -----
2024-03-11 00:19:27,921 : INFO - -----   DB接続実行   -----
2024-03-11 00:19:29,580 : INFO - -----   INSERT処理実行   -----
2024-03-11 00:19:29,598 : INFO - -----   DB接続終了   -----
2024-03-11 00:19:29,599 : INFO - Proc End: 2024/03/11 00:19:29.599805
2024-03-11 00:19:29,600 : INFO - Elapsed Time[s]: 1.868129
2024-03-11 00:19:29,600 : INFO - ==========================================================================================================
2024-03-11 01:19:15,360 : INFO - ==========================================================================================================
2024-03-11 01:19:15,360 : INFO - Program: /IoT/bin/Registered_Hist.py
2024-03-11 01:19:15,361 : INFO - Proc Start: 2024/03/11 01:19:15.359507
2024-03-11 01:19:15,361 : INFO - ----- Python Version -------------------
2024-03-11 01:19:15,361 : INFO - 3.5.3 (default, Nov  4 2021, 15:29:10) 
[GCC 6.3.0 20170516]
2024-03-11 01:19:15,377 : INFO - ************ 実行履歴の書き込み START *******************
2024-03-11 01:19:15,378 : INFO - -----   データファイル参照   -----
2024-03-11 01:19:15,550 : INFO - -----   DB接続実行   -----
2024-03-11 01:19:17,168 : INFO - -----   INSERT処理実行   -----
2024-03-11 01:19:17,185 : INFO - -----   DB接続終了   -----
2024-03-11 01:19:17,187 : INFO - Proc End: 2024/03/11 01:19:17.186934
2024-03-11 01:19:17,187 : INFO - Elapsed Time[s]: 1.827427
2024-03-11 01:19:17,187 : INFO - ==========================================================================================================
2024-03-11 02:19:11,070 : INFO - ==========================================================================================================
2024-03-11 02:19:11,071 : INFO - Program: /IoT/bin/Registered_Hist.py
2024-03-11 02:19:11,071 : INFO - Proc Start: 2024/03/11 02:19:11.069749
2024-03-11 02:19:11,071 : INFO - ----- Python Version -------------------
2024-03-11 02:19:11,071 : INFO - 3.5.3 (default, Nov  4 2021, 15:29:10) 
[GCC 6.3.0 20170516]
2024-03-11 02:19:11,088 : INFO - ************ 実行履歴の書き込み START *******************
2024-03-11 02:19:11,088 : INFO - -----   データファイル参照   -----
2024-03-11 02:19:11,263 : INFO - -----   DB接続実行   -----
2024-03-11 02:19:12,989 : INFO - -----   INSERT処理実行   -----
2024-03-11 02:19:13,005 : INFO - -----   DB接続終了   -----
2024-03-11 02:19:13,006 : INFO - Proc End: 2024/03/11 02:19:13.006675
2024-03-11 02:19:13,007 : INFO - Elapsed Time[s]: 1.936926
2024-03-11 02:19:13,007 : INFO - ==========================================================================================================
2024-03-11 03:19:24,972 : INFO - ==========================================================================================================
2024-03-11 03:19:24,972 : INFO - Program: /IoT/bin/Registered_Hist.py
2024-03-11 03:19:24,973 : INFO - Proc Start: 2024/03/11 03:19:24.971286
2024-03-11 03:19:24,973 : INFO - ----- Python Version -------------------
2024-03-11 03:19:24,973 : INFO - 3.5.3 (default, Nov  4 2021, 15:29:10) 
[GCC 6.3.0 20170516]
2024-03-11 03:19:24,990 : INFO - ************ 実行履歴の書き込み START *******************
2024-03-11 03:19:24,990 : INFO - -----   データファイル参照   -----
2024-03-11 03:19:25,161 : INFO - -----   DB接続実行   -----
2024-03-11 03:19:27,064 : INFO - -----   INSERT処理実行   -----
2024-03-11 03:19:27,082 : INFO - -----   DB接続終了   -----
2024-03-11 03:19:27,084 : INFO - Proc End: 2024/03/11 03:19:27.083973
2024-03-11 03:19:27,084 : INFO - Elapsed Time[s]: 2.112687
2024-03-11 03:19:27,084 : INFO - ==========================================================================================================
2024-03-11 04:19:31,239 : INFO - ==========================================================================================================
2024-03-11 04:19:31,239 : INFO - Program: /IoT/bin/Registered_Hist.py
2024-03-11 04:19:31,239 : INFO - Proc Start: 2024/03/11 04:19:31.238263
2024-03-11 04:19:31,240 : INFO - ----- Python Version -------------------
2024-03-11 04:19:31,240 : INFO - 3.5.3 (default, Nov  4 2021, 15:29:10) 
[GCC 6.3.0 20170516]
2024-03-11 04:19:31,256 : INFO - ************ 実行履歴の書き込み START *******************
2024-03-11 04:19:31,256 : INFO - -----   データファイル参照   -----
2024-03-11 04:19:31,429 : INFO - -----   DB接続実行   -----
2024-03-11 04:19:33,154 : INFO - -----   INSERT処理実行   -----
2024-03-11 04:19:33,166 : INFO - -----   DB接続終了   -----
2024-03-11 04:19:33,168 : INFO - Proc End: 2024/03/11 04:19:33.167900
2024-03-11 04:19:33,168 : INFO - Elapsed Time[s]: 1.929637
2024-03-11 04:19:33,168 : INFO - ==========================================================================================================
2024-03-11 05:19:19,351 : INFO - ==========================================================================================================
2024-03-11 05:19:19,352 : INFO - Program: /IoT/bin/Registered_Hist.py
2024-03-11 05:19:19,352 : INFO - Proc Start: 2024/03/11 05:19:19.350855
2024-03-11 05:19:19,352 : INFO - ----- Python Version -------------------
2024-03-11 05:19:19,352 : INFO - 3.5.3 (default, Nov  4 2021, 15:29:10) 
[GCC 6.3.0 20170516]
2024-03-11 05:19:19,368 : INFO - ************ 実行履歴の書き込み START *******************
2024-03-11 05:19:19,369 : INFO - -----   データファイル参照   -----
2024-03-11 05:19:19,541 : INFO - -----   DB接続実行   -----
2024-03-11 05:19:21,138 : INFO - -----   INSERT処理実行   -----
2024-03-11 05:19:21,155 : INFO - -----   DB接続終了   -----
2024-03-11 05:19:21,157 : INFO - Proc End: 2024/03/11 05:19:21.157287
2024-03-11 05:19:21,157 : INFO - Elapsed Time[s]: 1.806432
2024-03-11 05:19:21,157 : INFO - ==========================================================================================================
2024-03-11 06:19:11,441 : INFO - ==========================================================================================================
2024-03-11 06:19:11,441 : INFO - Program: /IoT/bin/Registered_Hist.py
2024-03-11 06:19:11,442 : INFO - Proc Start: 2024/03/11 06:19:11.440421
2024-03-11 06:19:11,442 : INFO - ----- Python Version -------------------
2024-03-11 06:19:11,442 : INFO - 3.5.3 (default, Nov  4 2021, 15:29:10) 
[GCC 6.3.0 20170516]
2024-03-11 06:19:11,458 : INFO - ************ 実行履歴の書き込み START *******************
2024-03-11 06:19:11,458 : INFO - -----   データファイル参照   -----
2024-03-11 06:19:11,631 : INFO - -----   DB接続実行   -----
2024-03-11 06:19:13,955 : INFO - -----   INSERT処理実行   -----
2024-03-11 06:19:13,967 : INFO - -----   DB接続終了   -----
2024-03-11 06:19:13,969 : INFO - Proc End: 2024/03/11 06:19:13.969492
2024-03-11 06:19:13,969 : INFO - Elapsed Time[s]: 2.529071
2024-03-11 06:19:13,970 : INFO - ==========================================================================================================
2024-03-11 07:19:13,054 : INFO - ==========================================================================================================
2024-03-11 07:19:13,055 : INFO - Program: /IoT/bin/Registered_Hist.py
2024-03-11 07:19:13,055 : INFO - Proc Start: 2024/03/11 07:19:13.054023
2024-03-11 07:19:13,055 : INFO - ----- Python Version -------------------
2024-03-11 07:19:13,055 : INFO - 3.5.3 (default, Nov  4 2021, 15:29:10) 
[GCC 6.3.0 20170516]
2024-03-11 07:19:13,071 : INFO - ************ 実行履歴の書き込み START *******************
2024-03-11 07:19:13,072 : INFO - -----   データファイル参照   -----
2024-03-11 07:19:13,245 : INFO - -----   DB接続実行   -----
2024-03-11 07:19:14,885 : INFO - -----   INSERT処理実行   -----
2024-03-11 07:19:14,902 : INFO - -----   DB接続終了   -----
2024-03-11 07:19:14,904 : INFO - Proc End: 2024/03/11 07:19:14.904258
2024-03-11 07:19:14,904 : INFO - Elapsed Time[s]: 1.850235
2024-03-11 07:19:14,904 : INFO - ==========================================================================================================
2024-03-11 08:19:11,181 : INFO - ==========================================================================================================
2024-03-11 08:19:11,182 : INFO - Program: /IoT/bin/Registered_Hist.py
2024-03-11 08:19:11,182 : INFO - Proc Start: 2024/03/11 08:19:11.181019
2024-03-11 08:19:11,182 : INFO - ----- Python Version -------------------
2024-03-11 08:19:11,182 : INFO - 3.5.3 (default, Nov  4 2021, 15:29:10) 
[GCC 6.3.0 20170516]
2024-03-11 08:19:11,198 : INFO - ************ 実行履歴の書き込み START *******************
2024-03-11 08:19:11,199 : INFO - -----   データファイル参照   -----
2024-03-11 08:19:11,371 : INFO - -----   DB接続実行   -----
2024-03-11 08:19:13,176 : INFO - -----   INSERT処理実行   -----
2024-03-11 08:19:13,193 : INFO - -----   DB接続終了   -----
2024-03-11 08:19:13,195 : INFO - Proc End: 2024/03/11 08:19:13.195359
2024-03-11 08:19:13,195 : INFO - Elapsed Time[s]: 2.014340
2024-03-11 08:19:13,195 : INFO - ==========================================================================================================
2024-03-11 09:19:28,222 : INFO - ==========================================================================================================
2024-03-11 09:19:28,223 : INFO - Program: /IoT/bin/Registered_Hist.py
2024-03-11 09:19:28,223 : INFO - Proc Start: 2024/03/11 09:19:28.221689
2024-03-11 09:19:28,223 : INFO - ----- Python Version -------------------
2024-03-11 09:19:28,223 : INFO - 3.5.3 (default, Nov  4 2021, 15:29:10) 
[GCC 6.3.0 20170516]
2024-03-11 09:19:28,239 : INFO - ************ 実行履歴の書き込み START *******************
2024-03-11 09:19:28,239 : INFO - -----   データファイル参照   -----
2024-03-11 09:19:28,410 : INFO - -----   DB接続実行   -----
2024-03-11 09:19:31,090 : INFO - -----   INSERT処理実行   -----
2024-03-11 09:19:31,107 : INFO - -----   DB接続終了   -----
2024-03-11 09:19:31,109 : INFO - Proc End: 2024/03/11 09:19:31.109018
2024-03-11 09:19:31,109 : INFO - Elapsed Time[s]: 2.887329
2024-03-11 09:19:31,109 : INFO - ==========================================================================================================
2024-03-11 10:19:24,752 : INFO - ==========================================================================================================
2024-03-11 10:19:24,753 : INFO - Program: /IoT/bin/Registered_Hist.py
2024-03-11 10:19:24,753 : INFO - Proc Start: 2024/03/11 10:19:24.751947
2024-03-11 10:19:24,753 : INFO - ----- Python Version -------------------
2024-03-11 10:19:24,753 : INFO - 3.5.3 (default, Nov  4 2021, 15:29:10) 
[GCC 6.3.0 20170516]
2024-03-11 10:19:24,769 : INFO - ************ 実行履歴の書き込み START *******************
2024-03-11 10:19:24,769 : INFO - -----   データファイル参照   -----
2024-03-11 10:19:24,943 : INFO - -----   DB接続実行   -----
2024-03-11 10:19:28,011 : INFO - -----   INSERT処理実行   -----
2024-03-11 10:19:28,028 : INFO - -----   DB接続終了   -----
2024-03-11 10:19:28,031 : INFO - Proc End: 2024/03/11 10:19:28.031568
2024-03-11 10:19:28,032 : INFO - Elapsed Time[s]: 3.279621
2024-03-11 10:19:28,032 : INFO - ==========================================================================================================
2024-03-11 11:19:22,549 : INFO - ==========================================================================================================
2024-03-11 11:19:22,550 : INFO - Program: /IoT/bin/Registered_Hist.py
2024-03-11 11:19:22,550 : INFO - Proc Start: 2024/03/11 11:19:22.548937
2024-03-11 11:19:22,550 : INFO - ----- Python Version -------------------
2024-03-11 11:19:22,550 : INFO - 3.5.3 (default, Nov  4 2021, 15:29:10) 
[GCC 6.3.0 20170516]
2024-03-11 11:19:22,566 : INFO - ************ 実行履歴の書き込み START *******************
2024-03-11 11:19:22,566 : INFO - -----   データファイル参照   -----
2024-03-11 11:19:22,740 : INFO - -----   DB接続実行   -----
2024-03-11 11:19:24,587 : INFO - -----   INSERT処理実行   -----
2024-03-11 11:19:24,604 : INFO - -----   DB接続終了   -----
2024-03-11 11:19:24,606 : INFO - Proc End: 2024/03/11 11:19:24.606030
2024-03-11 11:19:24,606 : INFO - Elapsed Time[s]: 2.057093
2024-03-11 11:19:24,606 : INFO - ==========================================================================================================
2024-03-11 12:19:15,509 : INFO - ==========================================================================================================
2024-03-11 12:19:15,510 : INFO - Program: /IoT/bin/Registered_Hist.py
2024-03-11 12:19:15,510 : INFO - Proc Start: 2024/03/11 12:19:15.508700
2024-03-11 12:19:15,510 : INFO - ----- Python Version -------------------
2024-03-11 12:19:15,510 : INFO - 3.5.3 (default, Nov  4 2021, 15:29:10) 
[GCC 6.3.0 20170516]
2024-03-11 12:19:15,526 : INFO - ************ 実行履歴の書き込み START *******************
2024-03-11 12:19:15,526 : INFO - -----   データファイル参照   -----
2024-03-11 12:19:15,698 : INFO - -----   DB接続実行   -----
2024-03-11 12:19:17,272 : INFO - -----   INSERT処理実行   -----
2024-03-11 12:19:17,288 : INFO - -----   DB接続終了   -----
2024-03-11 12:19:17,290 : INFO - Proc End: 2024/03/11 12:19:17.290099
2024-03-11 12:19:17,290 : INFO - Elapsed Time[s]: 1.781399
2024-03-11 12:19:17,290 : INFO - ==========================================================================================================
2024-03-11 13:19:16,327 : INFO - ==========================================================================================================
2024-03-11 13:19:16,328 : INFO - Program: /IoT/bin/Registered_Hist.py
2024-03-11 13:19:16,328 : INFO - Proc Start: 2024/03/11 13:19:16.326881
2024-03-11 13:19:16,328 : INFO - ----- Python Version -------------------
2024-03-11 13:19:16,328 : INFO - 3.5.3 (default, Nov  4 2021, 15:29:10) 
[GCC 6.3.0 20170516]
2024-03-11 13:19:16,344 : INFO - ************ 実行履歴の書き込み START *******************
2024-03-11 13:19:16,344 : INFO - -----   データファイル参照   -----
2024-03-11 13:19:16,519 : INFO - -----   DB接続実行   -----
2024-03-11 13:19:18,187 : INFO - -----   INSERT処理実行   -----
2024-03-11 13:19:18,196 : INFO - -----   DB接続終了   -----
2024-03-11 13:19:18,198 : INFO - Proc End: 2024/03/11 13:19:18.197858
2024-03-11 13:19:18,198 : INFO - Elapsed Time[s]: 1.870977
2024-03-11 13:19:18,198 : INFO - ==========================================================================================================
